{"name":"renovate","hostname":"x","pid":45264,"level":20,"logContext":"KoFtXrNe9sgQEdLQ7pvGW","msg":"Using RE2 regex engine","time":"2025-12-18T14:45:46.621Z","v":0}
{"name":"renovate","hostname":"x","pid":45264,"level":20,"logContext":"KoFtXrNe9sgQEdLQ7pvGW","msg":"Parsing configs","time":"2025-12-18T14:45:46.622Z","v":0}
{"name":"renovate","hostname":"x","pid":45264,"level":20,"logContext":"KoFtXrNe9sgQEdLQ7pvGW","msg":"No config file found on disk - skipping","time":"2025-12-18T14:45:46.623Z","v":0}
{"name":"renovate","hostname":"x","pid":45264,"level":20,"logContext":"KoFtXrNe9sgQEdLQ7pvGW","msg":"No additional config file found specified - skipping","time":"2025-12-18T14:45:46.623Z","v":0}
{"name":"renovate","hostname":"x","pid":45264,"level":20,"logContext":"KoFtXrNe9sgQEdLQ7pvGW","config":{},"msg":"File config","time":"2025-12-18T14:45:46.628Z","v":0}
{"name":"renovate","hostname":"x","pid":45264,"level":20,"logContext":"KoFtXrNe9sgQEdLQ7pvGW","config":{},"msg":"Additional file config","time":"2025-12-18T14:45:46.628Z","v":0}
{"name":"renovate","hostname":"x","pid":45264,"level":20,"logContext":"KoFtXrNe9sgQEdLQ7pvGW","config":{"repositories":["tmatilai/renovate-repro-38104"],"allowedCommands":["^touch dummy\\.txt$"]},"msg":"CLI config","time":"2025-12-18T14:45:46.628Z","v":0}
{"name":"renovate","hostname":"x","pid":45264,"level":20,"logContext":"KoFtXrNe9sgQEdLQ7pvGW","config":{"hostRules":[],"token":"***********"},"msg":"Env config","time":"2025-12-18T14:45:46.628Z","v":0}
{"name":"renovate","hostname":"x","pid":45264,"level":20,"logContext":"KoFtXrNe9sgQEdLQ7pvGW","msg":"Resolved global extends","time":"2025-12-18T14:45:46.628Z","v":0}
{"name":"renovate","hostname":"x","pid":45264,"level":20,"logContext":"KoFtXrNe9sgQEdLQ7pvGW","config":{"hostRules":[],"token":"***********","repositories":["tmatilai/renovate-repro-38104"],"allowedCommands":["^touch dummy\\.txt$"]},"msg":"Combined config","time":"2025-12-18T14:45:46.628Z","v":0}
{"name":"renovate","hostname":"x","pid":45264,"level":20,"logContext":"KoFtXrNe9sgQEdLQ7pvGW","msg":"Enabling forkProcessing while in non-autodiscover mode","time":"2025-12-18T14:45:46.629Z","v":0}
{"name":"renovate","hostname":"x","pid":45264,"level":20,"logContext":"KoFtXrNe9sgQEdLQ7pvGW","msg":"Enabling onboardingNoDeps while in non-autodiscover mode","time":"2025-12-18T14:45:46.629Z","v":0}
{"name":"renovate","hostname":"x","pid":45264,"level":20,"logContext":"KoFtXrNe9sgQEdLQ7pvGW","msg":"Found valid git version: 2.52.0","time":"2025-12-18T14:45:46.643Z","v":0}
{"name":"renovate","hostname":"x","pid":45264,"level":20,"logContext":"KoFtXrNe9sgQEdLQ7pvGW","msg":"Setting global hostRules","time":"2025-12-18T14:45:46.643Z","v":0}
{"name":"renovate","hostname":"x","pid":45264,"level":20,"logContext":"KoFtXrNe9sgQEdLQ7pvGW","msg":"Using default github endpoint: https://api.github.com/","time":"2025-12-18T14:45:46.646Z","v":0}
{"name":"renovate","hostname":"x","pid":45264,"level":20,"logContext":"KoFtXrNe9sgQEdLQ7pvGW","msg":"hostRules: authentication already set for api.github.com","time":"2025-12-18T14:45:46.647Z","v":0}
{"name":"renovate","hostname":"x","pid":45264,"level":20,"logContext":"KoFtXrNe9sgQEdLQ7pvGW","msg":"Using queue: host=api.github.com, concurrency=16","time":"2025-12-18T14:45:46.647Z","v":0}
{"name":"renovate","hostname":"x","pid":45264,"level":20,"logContext":"KoFtXrNe9sgQEdLQ7pvGW","msg":"GET https://api.github.com/user/emails = (code=ERR_NON_2XX_3XX_RESPONSE, statusCode=403 retryCount=0, duration=182)","time":"2025-12-18T14:45:47.153Z","v":0}
{"name":"renovate","hostname":"x","pid":45264,"level":20,"logContext":"KoFtXrNe9sgQEdLQ7pvGW","msg":"Cannot read user/emails endpoint on GitHub to retrieve gitAuthor","time":"2025-12-18T14:45:47.154Z","v":0}
{"name":"renovate","hostname":"x","pid":45264,"level":20,"logContext":"KoFtXrNe9sgQEdLQ7pvGW","platformConfig":{"hostType":"github","endpoint":"https://api.github.com/","isGHApp":false,"isGhe":false,"userDetails":{"username":"tmatilai","name":"Teemu Matilainen","id":79116},"userEmail":null},"renovateUsername":"tmatilai","msg":"Platform config","time":"2025-12-18T14:45:47.155Z","v":0}
{"name":"renovate","hostname":"x","pid":45264,"level":20,"logContext":"KoFtXrNe9sgQEdLQ7pvGW","msg":"Adding token authentication for api.github.com (hostType=github) to hostRules","time":"2025-12-18T14:45:47.164Z","v":0}
{"name":"renovate","hostname":"x","pid":45264,"level":20,"logContext":"KoFtXrNe9sgQEdLQ7pvGW","msg":"Using baseDir: /var/folders/sk/dvh25nx14730sl1__56z5fy80000gn/T/renovate","time":"2025-12-18T14:45:47.166Z","v":0}
{"name":"renovate","hostname":"x","pid":45264,"level":20,"logContext":"KoFtXrNe9sgQEdLQ7pvGW","msg":"Using cacheDir: /var/folders/sk/dvh25nx14730sl1__56z5fy80000gn/T/renovate/cache","time":"2025-12-18T14:45:47.167Z","v":0}
{"name":"renovate","hostname":"x","pid":45264,"level":20,"logContext":"KoFtXrNe9sgQEdLQ7pvGW","msg":"Using containerbaseDir: /var/folders/sk/dvh25nx14730sl1__56z5fy80000gn/T/renovate/cache/containerbase","time":"2025-12-18T14:45:47.167Z","v":0}
{"name":"renovate","hostname":"x","pid":45264,"level":20,"logContext":"KoFtXrNe9sgQEdLQ7pvGW","msg":"Initializing Renovate internal cache into /var/folders/sk/dvh25nx14730sl1__56z5fy80000gn/T/renovate/cache/renovate/renovate-cache-v1","time":"2025-12-18T14:45:47.167Z","v":0}
{"name":"renovate","hostname":"x","pid":45264,"level":20,"logContext":"KoFtXrNe9sgQEdLQ7pvGW","msg":"Commits limit = null","time":"2025-12-18T14:45:47.168Z","v":0}
{"name":"renovate","hostname":"x","pid":45264,"level":20,"logContext":"KoFtXrNe9sgQEdLQ7pvGW","msg":"Setting global hostRules","time":"2025-12-18T14:45:47.168Z","v":0}
{"name":"renovate","hostname":"x","pid":45264,"level":20,"logContext":"KoFtXrNe9sgQEdLQ7pvGW","msg":"Adding token authentication for api.github.com (hostType=github) to hostRules","time":"2025-12-18T14:45:47.174Z","v":0}
{"name":"renovate","hostname":"x","pid":45264,"level":20,"logContext":"KoFtXrNe9sgQEdLQ7pvGW","msg":"validatePresets()","time":"2025-12-18T14:45:47.175Z","v":0}
{"name":"renovate","hostname":"x","pid":45264,"level":20,"logContext":"KoFtXrNe9sgQEdLQ7pvGW","msg":"Reinitializing hostRules for repo","time":"2025-12-18T14:45:47.196Z","v":0}
{"name":"renovate","hostname":"x","pid":45264,"level":20,"logContext":"KoFtXrNe9sgQEdLQ7pvGW","msg":"Clearing hostRules","time":"2025-12-18T14:45:47.196Z","v":0}
{"name":"renovate","hostname":"x","pid":45264,"level":20,"logContext":"KoFtXrNe9sgQEdLQ7pvGW","msg":"Adding token authentication for api.github.com (hostType=github) to hostRules","time":"2025-12-18T14:45:47.196Z","v":0}
{"name":"renovate","hostname":"x","pid":45264,"level":30,"logContext":"KoFtXrNe9sgQEdLQ7pvGW","repository":"tmatilai/renovate-repro-38104","renovateVersion":"0.0.0-semantic-release","msg":"Repository started","time":"2025-12-18T14:45:47.200Z","v":0}
{"name":"renovate","hostname":"x","pid":45264,"level":20,"logContext":"KoFtXrNe9sgQEdLQ7pvGW","repository":"tmatilai/renovate-repro-38104","msg":"Using localDir: /var/folders/sk/dvh25nx14730sl1__56z5fy80000gn/T/renovate/repos/github/tmatilai/renovate-repro-38104","time":"2025-12-18T14:45:47.200Z","v":0}
{"name":"renovate","hostname":"x","pid":45264,"level":20,"logContext":"KoFtXrNe9sgQEdLQ7pvGW","repository":"tmatilai/renovate-repro-38104","msg":"PackageFiles.clear() - Package files deleted","time":"2025-12-18T14:45:47.200Z","v":0}
{"name":"renovate","hostname":"x","pid":45264,"level":20,"logContext":"KoFtXrNe9sgQEdLQ7pvGW","repository":"tmatilai/renovate-repro-38104","msg":"initRepo(\"tmatilai/renovate-repro-38104\")","time":"2025-12-18T14:45:47.202Z","v":0}
{"name":"renovate","hostname":"x","pid":45264,"level":20,"logContext":"KoFtXrNe9sgQEdLQ7pvGW","repository":"tmatilai/renovate-repro-38104","msg":"hostRules: authentication already set for api.github.com","time":"2025-12-18T14:45:47.203Z","v":0}
{"name":"renovate","hostname":"x","pid":45264,"level":20,"logContext":"KoFtXrNe9sgQEdLQ7pvGW","repository":"tmatilai/renovate-repro-38104","msg":"Using queue: host=api.github.com, concurrency=16","time":"2025-12-18T14:45:47.203Z","v":0}
{"name":"renovate","hostname":"x","pid":45264,"level":20,"logContext":"KoFtXrNe9sgQEdLQ7pvGW","repository":"tmatilai/renovate-repro-38104","msg":"tmatilai/renovate-repro-38104 default branch = main","time":"2025-12-18T14:45:47.662Z","v":0}
{"name":"renovate","hostname":"x","pid":45264,"level":20,"logContext":"KoFtXrNe9sgQEdLQ7pvGW","repository":"tmatilai/renovate-repro-38104","msg":"Issues cache: Adding 0 issues to reconcile queue","time":"2025-12-18T14:45:47.664Z","v":0}
{"name":"renovate","hostname":"x","pid":45264,"level":20,"logContext":"KoFtXrNe9sgQEdLQ7pvGW","repository":"tmatilai/renovate-repro-38104","msg":"Using personal access token for git init","time":"2025-12-18T14:45:47.664Z","v":0}
{"name":"renovate","hostname":"x","pid":45264,"level":20,"logContext":"KoFtXrNe9sgQEdLQ7pvGW","repository":"tmatilai/renovate-repro-38104","msg":"fetchBranchCommits(): url=https://**redacted**@github.com/tmatilai/renovate-repro-38104.git","time":"2025-12-18T14:45:47.666Z","v":0}
{"name":"renovate","hostname":"x","pid":45264,"level":20,"logContext":"KoFtXrNe9sgQEdLQ7pvGW","repository":"tmatilai/renovate-repro-38104","msg":"Resetting npmrc","time":"2025-12-18T14:45:48.056Z","v":0}
{"name":"renovate","hostname":"x","pid":45264,"level":20,"logContext":"KoFtXrNe9sgQEdLQ7pvGW","repository":"tmatilai/renovate-repro-38104","msg":"Resetting npmrc","time":"2025-12-18T14:45:48.056Z","v":0}
{"name":"renovate","hostname":"x","pid":45264,"level":20,"logContext":"KoFtXrNe9sgQEdLQ7pvGW","repository":"tmatilai/renovate-repro-38104","msg":"checkOnboarding()","time":"2025-12-18T14:45:48.057Z","v":0}
{"name":"renovate","hostname":"x","pid":45264,"level":20,"logContext":"KoFtXrNe9sgQEdLQ7pvGW","repository":"tmatilai/renovate-repro-38104","msg":"isOnboarded()","time":"2025-12-18T14:45:48.058Z","v":0}
{"name":"renovate","hostname":"x","pid":45264,"level":20,"logContext":"KoFtXrNe9sgQEdLQ7pvGW","repository":"tmatilai/renovate-repro-38104","msg":"findPr(renovate/configure, Configure Renovate, !open)","time":"2025-12-18T14:45:48.059Z","v":0}
{"name":"renovate","hostname":"x","pid":45264,"level":20,"logContext":"KoFtXrNe9sgQEdLQ7pvGW","repository":"tmatilai/renovate-repro-38104","msg":"PR cache: cached data not found, creating new cache","time":"2025-12-18T14:45:48.059Z","v":0}
{"name":"renovate","hostname":"x","pid":45264,"level":20,"logContext":"KoFtXrNe9sgQEdLQ7pvGW","repository":"tmatilai/renovate-repro-38104","msg":"PR cache: initial fetch","time":"2025-12-18T14:45:48.060Z","v":0}
{"name":"renovate","hostname":"x","pid":45264,"level":20,"logContext":"KoFtXrNe9sgQEdLQ7pvGW","repository":"tmatilai/renovate-repro-38104","msg":"http cache: saving https://api.github.com/repos/tmatilai/renovate-repro-38104/pulls?per_page=100&state=all&sort=updated&direction=desc&page=1 (etag=\"8bcdc773510ff62da49d41b4335074910b4c8a6bc43c9eef1e273eae559ead06\", lastModified=undefined)","time":"2025-12-18T14:45:48.391Z","v":0}
{"name":"renovate","hostname":"x","pid":45264,"level":20,"logContext":"KoFtXrNe9sgQEdLQ7pvGW","repository":"tmatilai/renovate-repro-38104","msg":"PR cache: Filtered 0 PRs to 0 (user=tmatilai)","time":"2025-12-18T14:45:48.392Z","v":0}
{"name":"renovate","hostname":"x","pid":45264,"level":20,"logContext":"KoFtXrNe9sgQEdLQ7pvGW","repository":"tmatilai/renovate-repro-38104","pullsTotal":0,"requestsTotal":1,"apiQuotaAffected":true,"msg":"PR cache: getPrList success","time":"2025-12-18T14:45:48.393Z","v":0}
{"name":"renovate","hostname":"x","pid":45264,"level":20,"logContext":"KoFtXrNe9sgQEdLQ7pvGW","repository":"tmatilai/renovate-repro-38104","msg":"findPr(renovate/configure, chore: Configure Renovate, !open)","time":"2025-12-18T14:45:48.393Z","v":0}
{"name":"renovate","hostname":"x","pid":45264,"level":20,"logContext":"KoFtXrNe9sgQEdLQ7pvGW","repository":"tmatilai/renovate-repro-38104","msg":"findFile(renovate.json)","time":"2025-12-18T14:45:48.394Z","v":0}
{"name":"renovate","hostname":"x","pid":45264,"level":20,"logContext":"KoFtXrNe9sgQEdLQ7pvGW","repository":"tmatilai/renovate-repro-38104","msg":"syncGit(): Initializing git repository into /var/folders/sk/dvh25nx14730sl1__56z5fy80000gn/T/renovate/repos/github/tmatilai/renovate-repro-38104","time":"2025-12-18T14:45:48.394Z","v":0}
{"name":"renovate","hostname":"x","pid":45264,"level":20,"logContext":"KoFtXrNe9sgQEdLQ7pvGW","repository":"tmatilai/renovate-repro-38104","msg":"Performing blobless clone","time":"2025-12-18T14:45:48.395Z","v":0}
{"name":"renovate","hostname":"x","pid":45264,"level":20,"logContext":"KoFtXrNe9sgQEdLQ7pvGW","repository":"tmatilai/renovate-repro-38104","durationMs":996,"msg":"git clone completed","time":"2025-12-18T14:45:49.391Z","v":0}
{"name":"renovate","hostname":"x","pid":45264,"level":20,"logContext":"KoFtXrNe9sgQEdLQ7pvGW","repository":"tmatilai/renovate-repro-38104","latestCommit":{"hash":"38a6ae5d86c633540bb68b3e86d134ac9851e43f","date":"2025-12-18T16:40:28+02:00","message":"Add reprodcion setup for Renovate #38104","refs":"HEAD -> main, origin/main, origin/HEAD","body":"","author_name":"Teemu Matilainen","author_email":"teemu.matilainen@iki.fi"},"msg":"latest repository commit","time":"2025-12-18T14:45:49.410Z","v":0}
{"name":"renovate","hostname":"x","pid":45264,"level":20,"logContext":"KoFtXrNe9sgQEdLQ7pvGW","repository":"tmatilai/renovate-repro-38104","msg":"Current branch SHA: 38a6ae5d86c633540bb68b3e86d134ac9851e43f","time":"2025-12-18T14:45:49.416Z","v":0}
{"name":"renovate","hostname":"x","pid":45264,"level":20,"logContext":"KoFtXrNe9sgQEdLQ7pvGW","repository":"tmatilai/renovate-repro-38104","msg":"Config file exists, fileName: renovate.json","time":"2025-12-18T14:45:49.422Z","v":0}
{"name":"renovate","hostname":"x","pid":45264,"level":20,"logContext":"KoFtXrNe9sgQEdLQ7pvGW","repository":"tmatilai/renovate-repro-38104","msg":"Retrieving issueList","time":"2025-12-18T14:45:49.422Z","v":0}
{"name":"renovate","hostname":"x","pid":45264,"level":20,"logContext":"KoFtXrNe9sgQEdLQ7pvGW","repository":"tmatilai/renovate-repro-38104","msg":"Retrieved 0 issues","time":"2025-12-18T14:45:49.898Z","v":0}
{"name":"renovate","hostname":"x","pid":45264,"level":20,"logContext":"KoFtXrNe9sgQEdLQ7pvGW","repository":"tmatilai/renovate-repro-38104","msg":"Issues cache: Setting 0 issues in cache","time":"2025-12-18T14:45:49.899Z","v":0}
{"name":"renovate","hostname":"x","pid":45264,"level":20,"logContext":"KoFtXrNe9sgQEdLQ7pvGW","repository":"tmatilai/renovate-repro-38104","msg":"Repo is onboarded","time":"2025-12-18T14:45:49.900Z","v":0}
{"name":"renovate","hostname":"x","pid":45264,"level":20,"logContext":"KoFtXrNe9sgQEdLQ7pvGW","repository":"tmatilai/renovate-repro-38104","msg":"Found renovate.json config file","time":"2025-12-18T14:45:49.923Z","v":0}
{"name":"renovate","hostname":"x","pid":45264,"level":20,"logContext":"KoFtXrNe9sgQEdLQ7pvGW","repository":"tmatilai/renovate-repro-38104","fileName":"renovate.json","config":{"$schema":"https://docs.renovatebot.com/renovate-schema.json","packageRules":[{"matchFileNames":["foo/*"],"postUpgradeTasks":{"workingDirTemplate":"{{{packageFileDir}}}","commands":["touch dummy.txt"]}}]},"msg":"Repository config","time":"2025-12-18T14:45:49.927Z","v":0}
{"name":"renovate","hostname":"x","pid":45264,"level":20,"logContext":"KoFtXrNe9sgQEdLQ7pvGW","repository":"tmatilai/renovate-repro-38104","msg":"migrateAndValidate()","time":"2025-12-18T14:45:49.927Z","v":0}
{"name":"renovate","hostname":"x","pid":45264,"level":20,"logContext":"KoFtXrNe9sgQEdLQ7pvGW","repository":"tmatilai/renovate-repro-38104","msg":"No config migration necessary","time":"2025-12-18T14:45:49.930Z","v":0}
{"name":"renovate","hostname":"x","pid":45264,"level":20,"logContext":"KoFtXrNe9sgQEdLQ7pvGW","repository":"tmatilai/renovate-repro-38104","ignorePaths":["**/node_modules/**","**/bower_components/**"],"msg":"Found repo ignorePaths","time":"2025-12-18T14:45:49.951Z","v":0}
{"name":"renovate","hostname":"x","pid":45264,"level":20,"logContext":"KoFtXrNe9sgQEdLQ7pvGW","repository":"tmatilai/renovate-repro-38104","msg":"http cache: saving https://api.github.com/repos/tmatilai/renovate-repro-38104/dependabot/alerts?state=open&direction=asc&per_page=100 (etag=\"fc605b9795edf9d9fe3f381fcdf23ffe38bf9d50ded0c11551bf7d1879b65793\", lastModified=undefined)","time":"2025-12-18T14:45:50.262Z","v":0}
{"name":"renovate","hostname":"x","pid":45264,"level":20,"logContext":"KoFtXrNe9sgQEdLQ7pvGW","repository":"tmatilai/renovate-repro-38104","msg":"No vulnerability alerts found","time":"2025-12-18T14:45:50.264Z","v":0}
{"name":"renovate","hostname":"x","pid":45264,"level":20,"logContext":"KoFtXrNe9sgQEdLQ7pvGW","repository":"tmatilai/renovate-repro-38104","msg":"No vulnerability alerts found","time":"2025-12-18T14:45:50.264Z","v":0}
{"name":"renovate","hostname":"x","pid":45264,"level":20,"logContext":"KoFtXrNe9sgQEdLQ7pvGW","repository":"tmatilai/renovate-repro-38104","msg":"No baseBranches","time":"2025-12-18T14:45:50.267Z","v":0}
{"name":"renovate","hostname":"x","pid":45264,"level":20,"logContext":"KoFtXrNe9sgQEdLQ7pvGW","repository":"tmatilai/renovate-repro-38104","msg":"extract()","time":"2025-12-18T14:45:50.267Z","v":0}
{"name":"renovate","hostname":"x","pid":45264,"level":20,"logContext":"KoFtXrNe9sgQEdLQ7pvGW","repository":"tmatilai/renovate-repro-38104","msg":"Setting current branch to main","time":"2025-12-18T14:45:50.385Z","v":0}
{"name":"renovate","hostname":"x","pid":45264,"level":20,"logContext":"KoFtXrNe9sgQEdLQ7pvGW","repository":"tmatilai/renovate-repro-38104","branchName":"main","latestCommitDate":"2025-12-18T16:40:28+02:00","sha":"38a6ae5d86c633540bb68b3e86d134ac9851e43f","msg":"latest commit","time":"2025-12-18T14:45:50.401Z","v":0}
{"name":"renovate","hostname":"x","pid":45264,"level":20,"logContext":"KoFtXrNe9sgQEdLQ7pvGW","repository":"tmatilai/renovate-repro-38104","msg":"Using file pattern: /(^|/)tasks/[^/]+\\.ya?ml$/ for manager ansible","time":"2025-12-18T14:45:50.413Z","v":0}
{"name":"renovate","hostname":"x","pid":45264,"level":20,"logContext":"KoFtXrNe9sgQEdLQ7pvGW","repository":"tmatilai/renovate-repro-38104","msg":"Using file pattern: /(^|/)(galaxy|requirements)(\\.ansible)?\\.ya?ml$/ for manager ansible-galaxy","time":"2025-12-18T14:45:50.413Z","v":0}
{"name":"renovate","hostname":"x","pid":45264,"level":20,"logContext":"KoFtXrNe9sgQEdLQ7pvGW","repository":"tmatilai/renovate-repro-38104","msg":"Using file pattern: /(^|/)\\.tool-versions$/ for manager asdf","time":"2025-12-18T14:45:50.414Z","v":0}
{"name":"renovate","hostname":"x","pid":45264,"level":20,"logContext":"KoFtXrNe9sgQEdLQ7pvGW","repository":"tmatilai/renovate-repro-38104","msg":"Using file pattern: /(^|/).azuredevops/.+\\.ya?ml$/ for manager azure-pipelines","time":"2025-12-18T14:45:50.414Z","v":0}
{"name":"renovate","hostname":"x","pid":45264,"level":20,"logContext":"KoFtXrNe9sgQEdLQ7pvGW","repository":"tmatilai/renovate-repro-38104","msg":"Using file pattern: /azure.*pipelines?.*\\.ya?ml$/ for manager azure-pipelines","time":"2025-12-18T14:45:50.414Z","v":0}
{"name":"renovate","hostname":"x","pid":45264,"level":20,"logContext":"KoFtXrNe9sgQEdLQ7pvGW","repository":"tmatilai/renovate-repro-38104","msg":"Using file pattern: /(^|/)batect(-bundle)?\\.ya?ml$/ for manager batect","time":"2025-12-18T14:45:50.414Z","v":0}
{"name":"renovate","hostname":"x","pid":45264,"level":20,"logContext":"KoFtXrNe9sgQEdLQ7pvGW","repository":"tmatilai/renovate-repro-38104","msg":"Using file pattern: /(^|/)batect$/ for manager batect-wrapper","time":"2025-12-18T14:45:50.414Z","v":0}
{"name":"renovate","hostname":"x","pid":45264,"level":20,"logContext":"KoFtXrNe9sgQEdLQ7pvGW","repository":"tmatilai/renovate-repro-38104","msg":"Using file pattern: /(^|/)WORKSPACE(|\\.bazel|\\.bzlmod)$/ for manager bazel","time":"2025-12-18T14:45:50.414Z","v":0}
{"name":"renovate","hostname":"x","pid":45264,"level":20,"logContext":"KoFtXrNe9sgQEdLQ7pvGW","repository":"tmatilai/renovate-repro-38104","msg":"Using file pattern: /\\.WORKSPACE\\.bazel$/ for manager bazel","time":"2025-12-18T14:45:50.414Z","v":0}
{"name":"renovate","hostname":"x","pid":45264,"level":20,"logContext":"KoFtXrNe9sgQEdLQ7pvGW","repository":"tmatilai/renovate-repro-38104","msg":"Using file pattern: /\\.bzl$/ for manager bazel","time":"2025-12-18T14:45:50.414Z","v":0}
{"name":"renovate","hostname":"x","pid":45264,"level":20,"logContext":"KoFtXrNe9sgQEdLQ7pvGW","repository":"tmatilai/renovate-repro-38104","msg":"Using file pattern: /(^|/|\\.)MODULE\\.bazel$/ for manager bazel-module","time":"2025-12-18T14:45:50.415Z","v":0}
{"name":"renovate","hostname":"x","pid":45264,"level":20,"logContext":"KoFtXrNe9sgQEdLQ7pvGW","repository":"tmatilai/renovate-repro-38104","msg":"Using file pattern: /(^|/)\\.bazelversion$/ for manager bazelisk","time":"2025-12-18T14:45:50.415Z","v":0}
{"name":"renovate","hostname":"x","pid":45264,"level":20,"logContext":"KoFtXrNe9sgQEdLQ7pvGW","repository":"tmatilai/renovate-repro-38104","msg":"Using file pattern: /\\.bicep$/ for manager bicep","time":"2025-12-18T14:45:50.415Z","v":0}
{"name":"renovate","hostname":"x","pid":45264,"level":20,"logContext":"KoFtXrNe9sgQEdLQ7pvGW","repository":"tmatilai/renovate-repro-38104","msg":"Using file pattern: /(^|/)\\.?bitbucket-pipelines\\.ya?ml$/ for manager bitbucket-pipelines","time":"2025-12-18T14:45:50.415Z","v":0}
{"name":"renovate","hostname":"x","pid":45264,"level":20,"logContext":"KoFtXrNe9sgQEdLQ7pvGW","repository":"tmatilai/renovate-repro-38104","msg":"Using file pattern: /(^|/)bitrise\\.ya?ml$/ for manager bitrise","time":"2025-12-18T14:45:50.415Z","v":0}
{"name":"renovate","hostname":"x","pid":45264,"level":20,"logContext":"KoFtXrNe9sgQEdLQ7pvGW","repository":"tmatilai/renovate-repro-38104","msg":"Using file pattern: /buildkite\\.ya?ml/ for manager buildkite","time":"2025-12-18T14:45:50.415Z","v":0}
{"name":"renovate","hostname":"x","pid":45264,"level":20,"logContext":"KoFtXrNe9sgQEdLQ7pvGW","repository":"tmatilai/renovate-repro-38104","msg":"Using file pattern: /\\.buildkite/.+\\.ya?ml$/ for manager buildkite","time":"2025-12-18T14:45:50.415Z","v":0}
{"name":"renovate","hostname":"x","pid":45264,"level":20,"logContext":"KoFtXrNe9sgQEdLQ7pvGW","repository":"tmatilai/renovate-repro-38104","msg":"Using file pattern: /(^|/)project\\.toml$/ for manager buildpacks","time":"2025-12-18T14:45:50.416Z","v":0}
{"name":"renovate","hostname":"x","pid":45264,"level":20,"logContext":"KoFtXrNe9sgQEdLQ7pvGW","repository":"tmatilai/renovate-repro-38104","msg":"Using file pattern: /(^|/)bun\\.lockb?$/ for manager bun","time":"2025-12-18T14:45:50.416Z","v":0}
{"name":"renovate","hostname":"x","pid":45264,"level":20,"logContext":"KoFtXrNe9sgQEdLQ7pvGW","repository":"tmatilai/renovate-repro-38104","msg":"Using file pattern: /(^|/)package\\.json$/ for manager bun","time":"2025-12-18T14:45:50.416Z","v":0}
{"name":"renovate","hostname":"x","pid":45264,"level":20,"logContext":"KoFtXrNe9sgQEdLQ7pvGW","repository":"tmatilai/renovate-repro-38104","msg":"Using file pattern: /(^|/)\\.bun-version$/ for manager bun-version","time":"2025-12-18T14:45:50.416Z","v":0}
{"name":"renovate","hostname":"x","pid":45264,"level":20,"logContext":"KoFtXrNe9sgQEdLQ7pvGW","repository":"tmatilai/renovate-repro-38104","msg":"Using file pattern: /(^|/)Gemfile$/ for manager bundler","time":"2025-12-18T14:45:50.416Z","v":0}
{"name":"renovate","hostname":"x","pid":45264,"level":20,"logContext":"KoFtXrNe9sgQEdLQ7pvGW","repository":"tmatilai/renovate-repro-38104","msg":"Using file pattern: /\\.cake$/ for manager cake","time":"2025-12-18T14:45:50.416Z","v":0}
{"name":"renovate","hostname":"x","pid":45264,"level":20,"logContext":"KoFtXrNe9sgQEdLQ7pvGW","repository":"tmatilai/renovate-repro-38104","msg":"Using file pattern: /(^|/)Cargo\\.toml$/ for manager cargo","time":"2025-12-18T14:45:50.417Z","v":0}
{"name":"renovate","hostname":"x","pid":45264,"level":20,"logContext":"KoFtXrNe9sgQEdLQ7pvGW","repository":"tmatilai/renovate-repro-38104","msg":"Using file pattern: /(^|/)\\.circleci/.+\\.ya?ml$/ for manager circleci","time":"2025-12-18T14:45:50.417Z","v":0}
{"name":"renovate","hostname":"x","pid":45264,"level":20,"logContext":"KoFtXrNe9sgQEdLQ7pvGW","repository":"tmatilai/renovate-repro-38104","msg":"Using file pattern: /(^|/)cloudbuild\\.ya?ml/ for manager cloudbuild","time":"2025-12-18T14:45:50.417Z","v":0}
{"name":"renovate","hostname":"x","pid":45264,"level":20,"logContext":"KoFtXrNe9sgQEdLQ7pvGW","repository":"tmatilai/renovate-repro-38104","msg":"Using file pattern: /(^|/)Podfile$/ for manager cocoapods","time":"2025-12-18T14:45:50.417Z","v":0}
{"name":"renovate","hostname":"x","pid":45264,"level":20,"logContext":"KoFtXrNe9sgQEdLQ7pvGW","repository":"tmatilai/renovate-repro-38104","msg":"Using file pattern: /(^|/)([\\w-]*)composer\\.json$/ for manager composer","time":"2025-12-18T14:45:50.417Z","v":0}
{"name":"renovate","hostname":"x","pid":45264,"level":20,"logContext":"KoFtXrNe9sgQEdLQ7pvGW","repository":"tmatilai/renovate-repro-38104","msg":"Using file pattern: /(^|/)conanfile\\.(txt|py)$/ for manager conan","time":"2025-12-18T14:45:50.417Z","v":0}
{"name":"renovate","hostname":"x","pid":45264,"level":20,"logContext":"KoFtXrNe9sgQEdLQ7pvGW","repository":"tmatilai/renovate-repro-38104","msg":"Using file pattern: /(^|/)\\.copier-answers(\\..+)?\\.ya?ml/ for manager copier","time":"2025-12-18T14:45:50.418Z","v":0}
{"name":"renovate","hostname":"x","pid":45264,"level":20,"logContext":"KoFtXrNe9sgQEdLQ7pvGW","repository":"tmatilai/renovate-repro-38104","msg":"Using file pattern: /(^|/)cpanfile$/ for manager cpanfile","time":"2025-12-18T14:45:50.418Z","v":0}
{"name":"renovate","hostname":"x","pid":45264,"level":20,"logContext":"KoFtXrNe9sgQEdLQ7pvGW","repository":"tmatilai/renovate-repro-38104","msg":"Using file pattern: /^\\.crow(?:/[^/]+)?\\.ya?ml$/ for manager crow","time":"2025-12-18T14:45:50.418Z","v":0}
{"name":"renovate","hostname":"x","pid":45264,"level":20,"logContext":"KoFtXrNe9sgQEdLQ7pvGW","repository":"tmatilai/renovate-repro-38104","msg":"Using file pattern: /(^|/)(?:deps|bb)\\.edn$/ for manager deps-edn","time":"2025-12-18T14:45:50.419Z","v":0}
{"name":"renovate","hostname":"x","pid":45264,"level":20,"logContext":"KoFtXrNe9sgQEdLQ7pvGW","repository":"tmatilai/renovate-repro-38104","msg":"Using file pattern: /(^|/)devbox\\.json$/ for manager devbox","time":"2025-12-18T14:45:50.419Z","v":0}
{"name":"renovate","hostname":"x","pid":45264,"level":20,"logContext":"KoFtXrNe9sgQEdLQ7pvGW","repository":"tmatilai/renovate-repro-38104","msg":"Using file pattern: /^.devcontainer/devcontainer.json$/ for manager devcontainer","time":"2025-12-18T14:45:50.419Z","v":0}
{"name":"renovate","hostname":"x","pid":45264,"level":20,"logContext":"KoFtXrNe9sgQEdLQ7pvGW","repository":"tmatilai/renovate-repro-38104","msg":"Using file pattern: /^.devcontainer.json$/ for manager devcontainer","time":"2025-12-18T14:45:50.419Z","v":0}
{"name":"renovate","hostname":"x","pid":45264,"level":20,"logContext":"KoFtXrNe9sgQEdLQ7pvGW","repository":"tmatilai/renovate-repro-38104","msg":"Using file pattern: /(^|/)(?:docker-)?compose[^/]*\\.ya?ml$/ for manager docker-compose","time":"2025-12-18T14:45:50.419Z","v":0}
{"name":"renovate","hostname":"x","pid":45264,"level":20,"logContext":"KoFtXrNe9sgQEdLQ7pvGW","repository":"tmatilai/renovate-repro-38104","msg":"Using file pattern: /(^|/|\\.)([Dd]ocker|[Cc]ontainer)file$/ for manager dockerfile","time":"2025-12-18T14:45:50.419Z","v":0}
{"name":"renovate","hostname":"x","pid":45264,"level":20,"logContext":"KoFtXrNe9sgQEdLQ7pvGW","repository":"tmatilai/renovate-repro-38104","msg":"Using file pattern: /(^|/)([Dd]ocker|[Cc]ontainer)file[^/]*$/ for manager dockerfile","time":"2025-12-18T14:45:50.419Z","v":0}
{"name":"renovate","hostname":"x","pid":45264,"level":20,"logContext":"KoFtXrNe9sgQEdLQ7pvGW","repository":"tmatilai/renovate-repro-38104","msg":"Using file pattern: /(^|/)\\.drone\\.yml$/ for manager droneci","time":"2025-12-18T14:45:50.420Z","v":0}
{"name":"renovate","hostname":"x","pid":45264,"level":20,"logContext":"KoFtXrNe9sgQEdLQ7pvGW","repository":"tmatilai/renovate-repro-38104","msg":"Using file pattern: /(^|/)fleet\\.ya?ml/ for manager fleet","time":"2025-12-18T14:45:50.420Z","v":0}
{"name":"renovate","hostname":"x","pid":45264,"level":20,"logContext":"KoFtXrNe9sgQEdLQ7pvGW","repository":"tmatilai/renovate-repro-38104","msg":"Using file pattern: /(?:^|/)gotk-components\\.ya?ml$/ for manager flux","time":"2025-12-18T14:45:50.420Z","v":0}
{"name":"renovate","hostname":"x","pid":45264,"level":20,"logContext":"KoFtXrNe9sgQEdLQ7pvGW","repository":"tmatilai/renovate-repro-38104","msg":"Using file pattern: /(^|/)\\.fvm/fvm_config\\.json$/ for manager fvm","time":"2025-12-18T14:45:50.420Z","v":0}
{"name":"renovate","hostname":"x","pid":45264,"level":20,"logContext":"KoFtXrNe9sgQEdLQ7pvGW","repository":"tmatilai/renovate-repro-38104","msg":"Using file pattern: /(^|/)\\.fvmrc$/ for manager fvm","time":"2025-12-18T14:45:50.420Z","v":0}
{"name":"renovate","hostname":"x","pid":45264,"level":20,"logContext":"KoFtXrNe9sgQEdLQ7pvGW","repository":"tmatilai/renovate-repro-38104","msg":"Using file pattern: /(^|/)\\.gitmodules$/ for manager git-submodules","time":"2025-12-18T14:45:50.420Z","v":0}
{"name":"renovate","hostname":"x","pid":45264,"level":20,"logContext":"KoFtXrNe9sgQEdLQ7pvGW","repository":"tmatilai/renovate-repro-38104","msg":"Using file pattern: /(^|/)(workflow-templates|\\.(?:github|gitea|forgejo)/(?:workflows|actions))/.+\\.ya?ml$/ for manager github-actions","time":"2025-12-18T14:45:50.421Z","v":0}
{"name":"renovate","hostname":"x","pid":45264,"level":20,"logContext":"KoFtXrNe9sgQEdLQ7pvGW","repository":"tmatilai/renovate-repro-38104","msg":"Using file pattern: /(^|/)action\\.ya?ml$/ for manager github-actions","time":"2025-12-18T14:45:50.421Z","v":0}
{"name":"renovate","hostname":"x","pid":45264,"level":20,"logContext":"KoFtXrNe9sgQEdLQ7pvGW","repository":"tmatilai/renovate-repro-38104","msg":"Using file pattern: /\\.gitlab-ci\\.ya?ml$/ for manager gitlabci","time":"2025-12-18T14:45:50.421Z","v":0}
{"name":"renovate","hostname":"x","pid":45264,"level":20,"logContext":"KoFtXrNe9sgQEdLQ7pvGW","repository":"tmatilai/renovate-repro-38104","msg":"Using file pattern: /\\.gitlab-ci\\.ya?ml$/ for manager gitlabci-include","time":"2025-12-18T14:45:50.421Z","v":0}
{"name":"renovate","hostname":"x","pid":45264,"level":20,"logContext":"KoFtXrNe9sgQEdLQ7pvGW","repository":"tmatilai/renovate-repro-38104","msg":"Using file pattern: /(^|/)gleam.toml$/ for manager gleam","time":"2025-12-18T14:45:50.421Z","v":0}
{"name":"renovate","hostname":"x","pid":45264,"level":20,"logContext":"KoFtXrNe9sgQEdLQ7pvGW","repository":"tmatilai/renovate-repro-38104","msg":"Using file pattern: /(^|/)go\\.mod$/ for manager gomod","time":"2025-12-18T14:45:50.421Z","v":0}
{"name":"renovate","hostname":"x","pid":45264,"level":20,"logContext":"KoFtXrNe9sgQEdLQ7pvGW","repository":"tmatilai/renovate-repro-38104","msg":"Using file pattern: /\\.gradle(\\.kts)?$/ for manager gradle","time":"2025-12-18T14:45:50.422Z","v":0}
{"name":"renovate","hostname":"x","pid":45264,"level":20,"logContext":"KoFtXrNe9sgQEdLQ7pvGW","repository":"tmatilai/renovate-repro-38104","msg":"Using file pattern: /(^|/)gradle\\.properties$/ for manager gradle","time":"2025-12-18T14:45:50.422Z","v":0}
{"name":"renovate","hostname":"x","pid":45264,"level":20,"logContext":"KoFtXrNe9sgQEdLQ7pvGW","repository":"tmatilai/renovate-repro-38104","msg":"Using file pattern: /(^|/)gradle/.+\\.toml$/ for manager gradle","time":"2025-12-18T14:45:50.422Z","v":0}
{"name":"renovate","hostname":"x","pid":45264,"level":20,"logContext":"KoFtXrNe9sgQEdLQ7pvGW","repository":"tmatilai/renovate-repro-38104","msg":"Using file pattern: /(^|/)buildSrc/.+\\.kt$/ for manager gradle","time":"2025-12-18T14:45:50.422Z","v":0}
{"name":"renovate","hostname":"x","pid":45264,"level":20,"logContext":"KoFtXrNe9sgQEdLQ7pvGW","repository":"tmatilai/renovate-repro-38104","msg":"Using file pattern: /\\.versions\\.toml$/ for manager gradle","time":"2025-12-18T14:45:50.422Z","v":0}
{"name":"renovate","hostname":"x","pid":45264,"level":20,"logContext":"KoFtXrNe9sgQEdLQ7pvGW","repository":"tmatilai/renovate-repro-38104","msg":"Using file pattern: /(^|/)versions.props$/ for manager gradle","time":"2025-12-18T14:45:50.422Z","v":0}
{"name":"renovate","hostname":"x","pid":45264,"level":20,"logContext":"KoFtXrNe9sgQEdLQ7pvGW","repository":"tmatilai/renovate-repro-38104","msg":"Using file pattern: /(^|/)versions.lock$/ for manager gradle","time":"2025-12-18T14:45:50.422Z","v":0}
{"name":"renovate","hostname":"x","pid":45264,"level":20,"logContext":"KoFtXrNe9sgQEdLQ7pvGW","repository":"tmatilai/renovate-repro-38104","msg":"Using file pattern: /(^|/)gradle/wrapper/gradle-wrapper\\.properties$/ for manager gradle-wrapper","time":"2025-12-18T14:45:50.423Z","v":0}
{"name":"renovate","hostname":"x","pid":45264,"level":20,"logContext":"KoFtXrNe9sgQEdLQ7pvGW","repository":"tmatilai/renovate-repro-38104","msg":"Using file pattern: /\\.cabal$/ for manager haskell-cabal","time":"2025-12-18T14:45:50.423Z","v":0}
{"name":"renovate","hostname":"x","pid":45264,"level":20,"logContext":"KoFtXrNe9sgQEdLQ7pvGW","repository":"tmatilai/renovate-repro-38104","msg":"Using file pattern: /(^|/)requirements\\.ya?ml$/ for manager helm-requirements","time":"2025-12-18T14:45:50.423Z","v":0}
{"name":"renovate","hostname":"x","pid":45264,"level":20,"logContext":"KoFtXrNe9sgQEdLQ7pvGW","repository":"tmatilai/renovate-repro-38104","msg":"Using file pattern: /(^|/)values\\.ya?ml$/ for manager helm-values","time":"2025-12-18T14:45:50.423Z","v":0}
{"name":"renovate","hostname":"x","pid":45264,"level":20,"logContext":"KoFtXrNe9sgQEdLQ7pvGW","repository":"tmatilai/renovate-repro-38104","msg":"Using file pattern: /(^|/)helmfile\\.ya?ml(?:\\.gotmpl)?$/ for manager helmfile","time":"2025-12-18T14:45:50.423Z","v":0}
{"name":"renovate","hostname":"x","pid":45264,"level":20,"logContext":"KoFtXrNe9sgQEdLQ7pvGW","repository":"tmatilai/renovate-repro-38104","msg":"Using file pattern: /(^|/)helmfile\\.d/.+\\.ya?ml(?:\\.gotmpl)?$/ for manager helmfile","time":"2025-12-18T14:45:50.423Z","v":0}
{"name":"renovate","hostname":"x","pid":45264,"level":20,"logContext":"KoFtXrNe9sgQEdLQ7pvGW","repository":"tmatilai/renovate-repro-38104","msg":"Using file pattern: /(^|/)Chart\\.ya?ml$/ for manager helmv3","time":"2025-12-18T14:45:50.424Z","v":0}
{"name":"renovate","hostname":"x","pid":45264,"level":20,"logContext":"KoFtXrNe9sgQEdLQ7pvGW","repository":"tmatilai/renovate-repro-38104","msg":"Using file pattern: /(^|/)bin/hermit$/ for manager hermit","time":"2025-12-18T14:45:50.424Z","v":0}
{"name":"renovate","hostname":"x","pid":45264,"level":20,"logContext":"KoFtXrNe9sgQEdLQ7pvGW","repository":"tmatilai/renovate-repro-38104","msg":"Using file pattern: /^Formula/[^/]+[.]rb$/ for manager homebrew","time":"2025-12-18T14:45:50.424Z","v":0}
{"name":"renovate","hostname":"x","pid":45264,"level":20,"logContext":"KoFtXrNe9sgQEdLQ7pvGW","repository":"tmatilai/renovate-repro-38104","msg":"Using file pattern: /\\.html?$/ for manager html","time":"2025-12-18T14:45:50.424Z","v":0}
{"name":"renovate","hostname":"x","pid":45264,"level":20,"logContext":"KoFtXrNe9sgQEdLQ7pvGW","repository":"tmatilai/renovate-repro-38104","msg":"Using file pattern: /(^|/)plugins\\.(txt|ya?ml)$/ for manager jenkins","time":"2025-12-18T14:45:50.424Z","v":0}
{"name":"renovate","hostname":"x","pid":45264,"level":20,"logContext":"KoFtXrNe9sgQEdLQ7pvGW","repository":"tmatilai/renovate-repro-38104","msg":"Using file pattern: /(^|/)jsonnetfile\\.json$/ for manager jsonnet-bundler","time":"2025-12-18T14:45:50.425Z","v":0}
{"name":"renovate","hostname":"x","pid":45264,"level":20,"logContext":"KoFtXrNe9sgQEdLQ7pvGW","repository":"tmatilai/renovate-repro-38104","msg":"Using file pattern: /^.+\\.main\\.kts$/ for manager kotlin-script","time":"2025-12-18T14:45:50.425Z","v":0}
{"name":"renovate","hostname":"x","pid":45264,"level":20,"logContext":"KoFtXrNe9sgQEdLQ7pvGW","repository":"tmatilai/renovate-repro-38104","msg":"Using file pattern: /(^|/)kustomization\\.ya?ml$/ for manager kustomize","time":"2025-12-18T14:45:50.425Z","v":0}
{"name":"renovate","hostname":"x","pid":45264,"level":20,"logContext":"KoFtXrNe9sgQEdLQ7pvGW","repository":"tmatilai/renovate-repro-38104","msg":"Using file pattern: /(^|/)project\\.clj$/ for manager leiningen","time":"2025-12-18T14:45:50.425Z","v":0}
{"name":"renovate","hostname":"x","pid":45264,"level":20,"logContext":"KoFtXrNe9sgQEdLQ7pvGW","repository":"tmatilai/renovate-repro-38104","msg":"Using file pattern: /(^|/|\\.)pom\\.xml$/ for manager maven","time":"2025-12-18T14:45:50.425Z","v":0}
{"name":"renovate","hostname":"x","pid":45264,"level":20,"logContext":"KoFtXrNe9sgQEdLQ7pvGW","repository":"tmatilai/renovate-repro-38104","msg":"Using file pattern: /^(((\\.mvn)|(\\.m2))/)?settings\\.xml$/ for manager maven","time":"2025-12-18T14:45:50.425Z","v":0}
{"name":"renovate","hostname":"x","pid":45264,"level":20,"logContext":"KoFtXrNe9sgQEdLQ7pvGW","repository":"tmatilai/renovate-repro-38104","msg":"Using file pattern: /(^|/)\\.mvn/extensions\\.xml$/ for manager maven","time":"2025-12-18T14:45:50.425Z","v":0}
{"name":"renovate","hostname":"x","pid":45264,"level":20,"logContext":"KoFtXrNe9sgQEdLQ7pvGW","repository":"tmatilai/renovate-repro-38104","msg":"Using file pattern: /(^|\\/).mvn/wrapper/maven-wrapper.properties$/ for manager maven-wrapper","time":"2025-12-18T14:45:50.426Z","v":0}
{"name":"renovate","hostname":"x","pid":45264,"level":20,"logContext":"KoFtXrNe9sgQEdLQ7pvGW","repository":"tmatilai/renovate-repro-38104","msg":"Using file pattern: /(^|\\/)mvnw(.cmd)?$/ for manager maven-wrapper","time":"2025-12-18T14:45:50.426Z","v":0}
{"name":"renovate","hostname":"x","pid":45264,"level":20,"logContext":"KoFtXrNe9sgQEdLQ7pvGW","repository":"tmatilai/renovate-repro-38104","msg":"Using file pattern: /(^|/)package\\.js$/ for manager meteor","time":"2025-12-18T14:45:50.426Z","v":0}
{"name":"renovate","hostname":"x","pid":45264,"level":20,"logContext":"KoFtXrNe9sgQEdLQ7pvGW","repository":"tmatilai/renovate-repro-38104","msg":"Using file pattern: /(^|/)Mintfile$/ for manager mint","time":"2025-12-18T14:45:50.426Z","v":0}
{"name":"renovate","hostname":"x","pid":45264,"level":20,"logContext":"KoFtXrNe9sgQEdLQ7pvGW","repository":"tmatilai/renovate-repro-38104","msg":"Using file pattern: /(^|/)\\.?mise\\.toml$/ for manager mise","time":"2025-12-18T14:45:50.426Z","v":0}
{"name":"renovate","hostname":"x","pid":45264,"level":20,"logContext":"KoFtXrNe9sgQEdLQ7pvGW","repository":"tmatilai/renovate-repro-38104","msg":"Using file pattern: /(^|/)\\.?mise/config\\.toml$/ for manager mise","time":"2025-12-18T14:45:50.426Z","v":0}
{"name":"renovate","hostname":"x","pid":45264,"level":20,"logContext":"KoFtXrNe9sgQEdLQ7pvGW","repository":"tmatilai/renovate-repro-38104","msg":"Using file pattern: /(^|/)mix\\.exs$/ for manager mix","time":"2025-12-18T14:45:50.426Z","v":0}
{"name":"renovate","hostname":"x","pid":45264,"level":20,"logContext":"KoFtXrNe9sgQEdLQ7pvGW","repository":"tmatilai/renovate-repro-38104","msg":"Using file pattern: /(^|/)flake\\.nix$/ for manager nix","time":"2025-12-18T14:45:50.426Z","v":0}
{"name":"renovate","hostname":"x","pid":45264,"level":20,"logContext":"KoFtXrNe9sgQEdLQ7pvGW","repository":"tmatilai/renovate-repro-38104","msg":"Using file pattern: /(^|/)\\.node-version$/ for manager nodenv","time":"2025-12-18T14:45:50.426Z","v":0}
{"name":"renovate","hostname":"x","pid":45264,"level":20,"logContext":"KoFtXrNe9sgQEdLQ7pvGW","repository":"tmatilai/renovate-repro-38104","msg":"Using file pattern: /(^|/)package\\.json$/ for manager npm","time":"2025-12-18T14:45:50.427Z","v":0}
{"name":"renovate","hostname":"x","pid":45264,"level":20,"logContext":"KoFtXrNe9sgQEdLQ7pvGW","repository":"tmatilai/renovate-repro-38104","msg":"Using file pattern: /(^|/)pnpm-workspace\\.yaml$/ for manager npm","time":"2025-12-18T14:45:50.427Z","v":0}
{"name":"renovate","hostname":"x","pid":45264,"level":20,"logContext":"KoFtXrNe9sgQEdLQ7pvGW","repository":"tmatilai/renovate-repro-38104","msg":"Using file pattern: /(^|/)\\.yarnrc\\.yml$/ for manager npm","time":"2025-12-18T14:45:50.427Z","v":0}
{"name":"renovate","hostname":"x","pid":45264,"level":20,"logContext":"KoFtXrNe9sgQEdLQ7pvGW","repository":"tmatilai/renovate-repro-38104","msg":"Using file pattern: /\\.(?:cs|fs|vb)proj$/ for manager nuget","time":"2025-12-18T14:45:50.427Z","v":0}
{"name":"renovate","hostname":"x","pid":45264,"level":20,"logContext":"KoFtXrNe9sgQEdLQ7pvGW","repository":"tmatilai/renovate-repro-38104","msg":"Using file pattern: /\\.(?:props|targets)$/ for manager nuget","time":"2025-12-18T14:45:50.427Z","v":0}
{"name":"renovate","hostname":"x","pid":45264,"level":20,"logContext":"KoFtXrNe9sgQEdLQ7pvGW","repository":"tmatilai/renovate-repro-38104","msg":"Using file pattern: /(^|/)dotnet-tools\\.json$/ for manager nuget","time":"2025-12-18T14:45:50.427Z","v":0}
{"name":"renovate","hostname":"x","pid":45264,"level":20,"logContext":"KoFtXrNe9sgQEdLQ7pvGW","repository":"tmatilai/renovate-repro-38104","msg":"Using file pattern: /(^|/)global\\.json$/ for manager nuget","time":"2025-12-18T14:45:50.427Z","v":0}
{"name":"renovate","hostname":"x","pid":45264,"level":20,"logContext":"KoFtXrNe9sgQEdLQ7pvGW","repository":"tmatilai/renovate-repro-38104","msg":"Using file pattern: /(^|/)\\.nvmrc$/ for manager nvm","time":"2025-12-18T14:45:50.427Z","v":0}
{"name":"renovate","hostname":"x","pid":45264,"level":20,"logContext":"KoFtXrNe9sgQEdLQ7pvGW","repository":"tmatilai/renovate-repro-38104","msg":"Using file pattern: /(^|/)src/main/features/.+\\.json$/ for manager osgi","time":"2025-12-18T14:45:50.427Z","v":0}
{"name":"renovate","hostname":"x","pid":45264,"level":20,"logContext":"KoFtXrNe9sgQEdLQ7pvGW","repository":"tmatilai/renovate-repro-38104","msg":"Using file pattern: /(^|/)pyproject\\.toml$/ for manager pep621","time":"2025-12-18T14:45:50.428Z","v":0}
{"name":"renovate","hostname":"x","pid":45264,"level":20,"logContext":"KoFtXrNe9sgQEdLQ7pvGW","repository":"tmatilai/renovate-repro-38104","msg":"Using file pattern: /(^|/)[\\w-]*requirements([-.]\\w+)?\\.(txt|pip)$/ for manager pip_requirements","time":"2025-12-18T14:45:50.429Z","v":0}
{"name":"renovate","hostname":"x","pid":45264,"level":20,"logContext":"KoFtXrNe9sgQEdLQ7pvGW","repository":"tmatilai/renovate-repro-38104","msg":"Using file pattern: /(^|/)setup\\.py$/ for manager pip_setup","time":"2025-12-18T14:45:50.429Z","v":0}
{"name":"renovate","hostname":"x","pid":45264,"level":20,"logContext":"KoFtXrNe9sgQEdLQ7pvGW","repository":"tmatilai/renovate-repro-38104","msg":"Using file pattern: /(^|/)Pipfile$/ for manager pipenv","time":"2025-12-18T14:45:50.429Z","v":0}
{"name":"renovate","hostname":"x","pid":45264,"level":20,"logContext":"KoFtXrNe9sgQEdLQ7pvGW","repository":"tmatilai/renovate-repro-38104","msg":"Using file pattern: /(^|/)pyproject\\.toml$/ for manager pixi","time":"2025-12-18T14:45:50.430Z","v":0}
{"name":"renovate","hostname":"x","pid":45264,"level":20,"logContext":"KoFtXrNe9sgQEdLQ7pvGW","repository":"tmatilai/renovate-repro-38104","msg":"Using file pattern: /(^|/)pixi\\.toml$/ for manager pixi","time":"2025-12-18T14:45:50.430Z","v":0}
{"name":"renovate","hostname":"x","pid":45264,"level":20,"logContext":"KoFtXrNe9sgQEdLQ7pvGW","repository":"tmatilai/renovate-repro-38104","msg":"Using file pattern: /(^|/)pyproject\\.toml$/ for manager poetry","time":"2025-12-18T14:45:50.430Z","v":0}
{"name":"renovate","hostname":"x","pid":45264,"level":20,"logContext":"KoFtXrNe9sgQEdLQ7pvGW","repository":"tmatilai/renovate-repro-38104","msg":"Using file pattern: /(^|/)\\.pre-commit-config\\.ya?ml$/ for manager pre-commit","time":"2025-12-18T14:45:50.430Z","v":0}
{"name":"renovate","hostname":"x","pid":45264,"level":20,"logContext":"KoFtXrNe9sgQEdLQ7pvGW","repository":"tmatilai/renovate-repro-38104","msg":"Using file pattern: /(^|/)pubspec\\.ya?ml$/ for manager pub","time":"2025-12-18T14:45:50.430Z","v":0}
{"name":"renovate","hostname":"x","pid":45264,"level":20,"logContext":"KoFtXrNe9sgQEdLQ7pvGW","repository":"tmatilai/renovate-repro-38104","msg":"Using file pattern: /(^|/)Puppetfile$/ for manager puppet","time":"2025-12-18T14:45:50.430Z","v":0}
{"name":"renovate","hostname":"x","pid":45264,"level":20,"logContext":"KoFtXrNe9sgQEdLQ7pvGW","repository":"tmatilai/renovate-repro-38104","msg":"Using file pattern: /(^|/)\\.python-version$/ for manager pyenv","time":"2025-12-18T14:45:50.431Z","v":0}
{"name":"renovate","hostname":"x","pid":45264,"level":20,"logContext":"KoFtXrNe9sgQEdLQ7pvGW","repository":"tmatilai/renovate-repro-38104","msg":"Using file pattern: /.+\\.container$/ for manager quadlet","time":"2025-12-18T14:45:50.431Z","v":0}
{"name":"renovate","hostname":"x","pid":45264,"level":20,"logContext":"KoFtXrNe9sgQEdLQ7pvGW","repository":"tmatilai/renovate-repro-38104","msg":"Using file pattern: /.+\\.image$/ for manager quadlet","time":"2025-12-18T14:45:50.431Z","v":0}
{"name":"renovate","hostname":"x","pid":45264,"level":20,"logContext":"KoFtXrNe9sgQEdLQ7pvGW","repository":"tmatilai/renovate-repro-38104","msg":"Using file pattern: /.+\\.volume$/ for manager quadlet","time":"2025-12-18T14:45:50.431Z","v":0}
{"name":"renovate","hostname":"x","pid":45264,"level":20,"logContext":"KoFtXrNe9sgQEdLQ7pvGW","repository":"tmatilai/renovate-repro-38104","msg":"Using file pattern: renovate.json for manager renovate-config-presets","time":"2025-12-18T14:45:50.431Z","v":0}
{"name":"renovate","hostname":"x","pid":45264,"level":20,"logContext":"KoFtXrNe9sgQEdLQ7pvGW","repository":"tmatilai/renovate-repro-38104","msg":"Using file pattern: renovate.json5 for manager renovate-config-presets","time":"2025-12-18T14:45:50.431Z","v":0}
{"name":"renovate","hostname":"x","pid":45264,"level":20,"logContext":"KoFtXrNe9sgQEdLQ7pvGW","repository":"tmatilai/renovate-repro-38104","msg":"Using file pattern: .github/renovate.json for manager renovate-config-presets","time":"2025-12-18T14:45:50.432Z","v":0}
{"name":"renovate","hostname":"x","pid":45264,"level":20,"logContext":"KoFtXrNe9sgQEdLQ7pvGW","repository":"tmatilai/renovate-repro-38104","msg":"Using file pattern: .github/renovate.json5 for manager renovate-config-presets","time":"2025-12-18T14:45:50.432Z","v":0}
{"name":"renovate","hostname":"x","pid":45264,"level":20,"logContext":"KoFtXrNe9sgQEdLQ7pvGW","repository":"tmatilai/renovate-repro-38104","msg":"Using file pattern: .gitlab/renovate.json for manager renovate-config-presets","time":"2025-12-18T14:45:50.432Z","v":0}
{"name":"renovate","hostname":"x","pid":45264,"level":20,"logContext":"KoFtXrNe9sgQEdLQ7pvGW","repository":"tmatilai/renovate-repro-38104","msg":"Using file pattern: .gitlab/renovate.json5 for manager renovate-config-presets","time":"2025-12-18T14:45:50.432Z","v":0}
{"name":"renovate","hostname":"x","pid":45264,"level":20,"logContext":"KoFtXrNe9sgQEdLQ7pvGW","repository":"tmatilai/renovate-repro-38104","msg":"Using file pattern: .renovaterc for manager renovate-config-presets","time":"2025-12-18T14:45:50.432Z","v":0}
{"name":"renovate","hostname":"x","pid":45264,"level":20,"logContext":"KoFtXrNe9sgQEdLQ7pvGW","repository":"tmatilai/renovate-repro-38104","msg":"Using file pattern: .renovaterc.json for manager renovate-config-presets","time":"2025-12-18T14:45:50.432Z","v":0}
{"name":"renovate","hostname":"x","pid":45264,"level":20,"logContext":"KoFtXrNe9sgQEdLQ7pvGW","repository":"tmatilai/renovate-repro-38104","msg":"Using file pattern: .renovaterc.json5 for manager renovate-config-presets","time":"2025-12-18T14:45:50.432Z","v":0}
{"name":"renovate","hostname":"x","pid":45264,"level":20,"logContext":"KoFtXrNe9sgQEdLQ7pvGW","repository":"tmatilai/renovate-repro-38104","msg":"Using file pattern: /(^|/)\\.ruby-version$/ for manager ruby-version","time":"2025-12-18T14:45:50.432Z","v":0}
{"name":"renovate","hostname":"x","pid":45264,"level":20,"logContext":"KoFtXrNe9sgQEdLQ7pvGW","repository":"tmatilai/renovate-repro-38104","msg":"Using file pattern: /(^|/)runtime.txt$/ for manager runtime-version","time":"2025-12-18T14:45:50.433Z","v":0}
{"name":"renovate","hostname":"x","pid":45264,"level":20,"logContext":"KoFtXrNe9sgQEdLQ7pvGW","repository":"tmatilai/renovate-repro-38104","msg":"Using file pattern: /\\.sbt$/ for manager sbt","time":"2025-12-18T14:45:50.433Z","v":0}
{"name":"renovate","hostname":"x","pid":45264,"level":20,"logContext":"KoFtXrNe9sgQEdLQ7pvGW","repository":"tmatilai/renovate-repro-38104","msg":"Using file pattern: /project/[^/]*\\.scala$/ for manager sbt","time":"2025-12-18T14:45:50.433Z","v":0}
{"name":"renovate","hostname":"x","pid":45264,"level":20,"logContext":"KoFtXrNe9sgQEdLQ7pvGW","repository":"tmatilai/renovate-repro-38104","msg":"Using file pattern: /project/build\\.properties$/ for manager sbt","time":"2025-12-18T14:45:50.433Z","v":0}
{"name":"renovate","hostname":"x","pid":45264,"level":20,"logContext":"KoFtXrNe9sgQEdLQ7pvGW","repository":"tmatilai/renovate-repro-38104","msg":"Using file pattern: /(^|/)repositories$/ for manager sbt","time":"2025-12-18T14:45:50.433Z","v":0}
{"name":"renovate","hostname":"x","pid":45264,"level":20,"logContext":"KoFtXrNe9sgQEdLQ7pvGW","repository":"tmatilai/renovate-repro-38104","msg":"Using file pattern: /(^|/)\\.scalafmt.conf$/ for manager scalafmt","time":"2025-12-18T14:45:50.433Z","v":0}
{"name":"renovate","hostname":"x","pid":45264,"level":20,"logContext":"KoFtXrNe9sgQEdLQ7pvGW","repository":"tmatilai/renovate-repro-38104","msg":"Using file pattern: /(^|/)setup\\.cfg$/ for manager setup-cfg","time":"2025-12-18T14:45:50.434Z","v":0}
{"name":"renovate","hostname":"x","pid":45264,"level":20,"logContext":"KoFtXrNe9sgQEdLQ7pvGW","repository":"tmatilai/renovate-repro-38104","msg":"Using file pattern: /(^|/)Package\\.swift/ for manager swift","time":"2025-12-18T14:45:50.434Z","v":0}
{"name":"renovate","hostname":"x","pid":45264,"level":20,"logContext":"KoFtXrNe9sgQEdLQ7pvGW","repository":"tmatilai/renovate-repro-38104","msg":"Using file pattern: **/*.tf for manager terraform","time":"2025-12-18T14:45:50.434Z","v":0}
{"name":"renovate","hostname":"x","pid":45264,"level":20,"logContext":"KoFtXrNe9sgQEdLQ7pvGW","repository":"tmatilai/renovate-repro-38104","msg":"Using file pattern: **/*.tofu for manager terraform","time":"2025-12-18T14:45:50.434Z","v":0}
{"name":"renovate","hostname":"x","pid":45264,"level":20,"logContext":"KoFtXrNe9sgQEdLQ7pvGW","repository":"tmatilai/renovate-repro-38104","msg":"Using file pattern: /(^|/)\\.terraform-version$/ for manager terraform-version","time":"2025-12-18T14:45:50.435Z","v":0}
{"name":"renovate","hostname":"x","pid":45264,"level":20,"logContext":"KoFtXrNe9sgQEdLQ7pvGW","repository":"tmatilai/renovate-repro-38104","msg":"Using file pattern: /(^|/)terragrunt\\.hcl$/ for manager terragrunt","time":"2025-12-18T14:45:50.435Z","v":0}
{"name":"renovate","hostname":"x","pid":45264,"level":20,"logContext":"KoFtXrNe9sgQEdLQ7pvGW","repository":"tmatilai/renovate-repro-38104","msg":"Using file pattern: /(^|/)\\.terragrunt-version$/ for manager terragrunt-version","time":"2025-12-18T14:45:50.435Z","v":0}
{"name":"renovate","hostname":"x","pid":45264,"level":20,"logContext":"KoFtXrNe9sgQEdLQ7pvGW","repository":"tmatilai/renovate-repro-38104","msg":"Using file pattern: /\\.tflint\\.hcl$/ for manager tflint-plugin","time":"2025-12-18T14:45:50.435Z","v":0}
{"name":"renovate","hostname":"x","pid":45264,"level":20,"logContext":"KoFtXrNe9sgQEdLQ7pvGW","repository":"tmatilai/renovate-repro-38104","msg":"Using file pattern: /^\\.travis\\.ya?ml$/ for manager travis","time":"2025-12-18T14:45:50.435Z","v":0}
{"name":"renovate","hostname":"x","pid":45264,"level":20,"logContext":"KoFtXrNe9sgQEdLQ7pvGW","repository":"tmatilai/renovate-repro-38104","msg":"Using file pattern: /\\.typ$/ for manager typst","time":"2025-12-18T14:45:50.435Z","v":0}
{"name":"renovate","hostname":"x","pid":45264,"level":20,"logContext":"KoFtXrNe9sgQEdLQ7pvGW","repository":"tmatilai/renovate-repro-38104","msg":"Using file pattern: **/ProjectSettings/ProjectVersion.txt for manager unity3d","time":"2025-12-18T14:45:50.435Z","v":0}
{"name":"renovate","hostname":"x","pid":45264,"level":20,"logContext":"KoFtXrNe9sgQEdLQ7pvGW","repository":"tmatilai/renovate-repro-38104","msg":"Using file pattern: /(^|/)\\.vela\\.ya?ml$/ for manager velaci","time":"2025-12-18T14:45:50.436Z","v":0}
{"name":"renovate","hostname":"x","pid":45264,"level":20,"logContext":"KoFtXrNe9sgQEdLQ7pvGW","repository":"tmatilai/renovate-repro-38104","msg":"Using file pattern: /(^|/)vendir\\.yml$/ for manager vendir","time":"2025-12-18T14:45:50.436Z","v":0}
{"name":"renovate","hostname":"x","pid":45264,"level":20,"logContext":"KoFtXrNe9sgQEdLQ7pvGW","repository":"tmatilai/renovate-repro-38104","msg":"Using file pattern: /^\\.woodpecker(?:/[^/]+)?\\.ya?ml$/ for manager woodpecker","time":"2025-12-18T14:45:50.436Z","v":0}
{"name":"renovate","hostname":"x","pid":45264,"level":20,"logContext":"KoFtXrNe9sgQEdLQ7pvGW","repository":"tmatilai/renovate-repro-38104","msg":"Matched 1 file(s) for manager nvm: foo/.nvmrc","time":"2025-12-18T14:45:50.436Z","v":0}
{"name":"renovate","hostname":"x","pid":45264,"level":20,"logContext":"KoFtXrNe9sgQEdLQ7pvGW","repository":"tmatilai/renovate-repro-38104","msg":"Matched 1 file(s) for manager renovate-config-presets: renovate.json","time":"2025-12-18T14:45:50.436Z","v":0}
{"name":"renovate","hostname":"x","pid":45264,"level":20,"logContext":"KoFtXrNe9sgQEdLQ7pvGW","repository":"tmatilai/renovate-repro-38104","managers":{"nvm":1,"renovate-config-presets":1},"msg":"manager extract durations (ms)","time":"2025-12-18T14:45:50.437Z","v":0}
{"name":"renovate","hostname":"x","pid":45264,"level":20,"logContext":"KoFtXrNe9sgQEdLQ7pvGW","repository":"tmatilai/renovate-repro-38104","msg":"Found nvm package files","time":"2025-12-18T14:45:50.437Z","v":0}
{"name":"renovate","hostname":"x","pid":45264,"level":20,"logContext":"KoFtXrNe9sgQEdLQ7pvGW","repository":"tmatilai/renovate-repro-38104","msg":"Found 1 package file(s)","time":"2025-12-18T14:45:50.437Z","v":0}
{"name":"renovate","hostname":"x","pid":45264,"level":30,"logContext":"KoFtXrNe9sgQEdLQ7pvGW","repository":"tmatilai/renovate-repro-38104","baseBranch":"main","stats":{"managers":{"nvm":{"fileCount":1,"depCount":1}},"total":{"fileCount":1,"depCount":1}},"msg":"Dependency extraction complete","time":"2025-12-18T14:45:50.437Z","v":0}
{"name":"renovate","hostname":"x","pid":45264,"level":20,"logContext":"KoFtXrNe9sgQEdLQ7pvGW","repository":"tmatilai/renovate-repro-38104","msg":"hostRules: no authentication for nodejs.org","time":"2025-12-18T14:45:50.443Z","v":0}
{"name":"renovate","hostname":"x","pid":45264,"level":20,"logContext":"KoFtXrNe9sgQEdLQ7pvGW","repository":"tmatilai/renovate-repro-38104","msg":"Using queue: host=nodejs.org, concurrency=16","time":"2025-12-18T14:45:50.443Z","v":0}
{"name":"renovate","hostname":"x","pid":45264,"level":20,"logContext":"KoFtXrNe9sgQEdLQ7pvGW","repository":"tmatilai/renovate-repro-38104","baseBranch":"main","msg":"PackageFiles.add() - Package file saved for base branch","time":"2025-12-18T14:45:50.678Z","v":0}
{"name":"renovate","hostname":"x","pid":45264,"level":20,"logContext":"KoFtXrNe9sgQEdLQ7pvGW","repository":"tmatilai/renovate-repro-38104","baseBranch":"main","msg":"Package releases lookups complete","time":"2025-12-18T14:45:50.678Z","v":0}
{"name":"renovate","hostname":"x","pid":45264,"level":20,"logContext":"KoFtXrNe9sgQEdLQ7pvGW","repository":"tmatilai/renovate-repro-38104","libYears":{"managers":{"nvm":0.5972602739726027},"total":0.5972602739726027},"dependencyStatus":{"outdated":1,"total":1},"msg":"Repository libYears","time":"2025-12-18T14:45:50.678Z","v":0}
{"name":"renovate","hostname":"x","pid":45264,"level":20,"logContext":"KoFtXrNe9sgQEdLQ7pvGW","repository":"tmatilai/renovate-repro-38104","msg":"branchifyUpgrades","time":"2025-12-18T14:45:50.679Z","v":0}
{"name":"renovate","hostname":"x","pid":45264,"level":20,"logContext":"KoFtXrNe9sgQEdLQ7pvGW","repository":"tmatilai/renovate-repro-38104","msg":"detectSemanticCommits()","time":"2025-12-18T14:45:50.684Z","v":0}
{"name":"renovate","hostname":"x","pid":45264,"level":20,"logContext":"KoFtXrNe9sgQEdLQ7pvGW","repository":"tmatilai/renovate-repro-38104","msg":"getCommitMessages","time":"2025-12-18T14:45:50.684Z","v":0}
{"name":"renovate","hostname":"x","pid":45264,"level":20,"logContext":"KoFtXrNe9sgQEdLQ7pvGW","repository":"tmatilai/renovate-repro-38104","msg":"semanticCommits: detected \"unknown\"","time":"2025-12-18T14:45:50.691Z","v":0}
{"name":"renovate","hostname":"x","pid":45264,"level":20,"logContext":"KoFtXrNe9sgQEdLQ7pvGW","repository":"tmatilai/renovate-repro-38104","msg":"semanticCommits: disabled","time":"2025-12-18T14:45:50.691Z","v":0}
{"name":"renovate","hostname":"x","pid":45264,"level":20,"logContext":"KoFtXrNe9sgQEdLQ7pvGW","repository":"tmatilai/renovate-repro-38104","msg":"1 flattened updates found: node","time":"2025-12-18T14:45:50.692Z","v":0}
{"name":"renovate","hostname":"x","pid":45264,"level":20,"logContext":"KoFtXrNe9sgQEdLQ7pvGW","repository":"tmatilai/renovate-repro-38104","msg":"Returning 1 branch(es)","time":"2025-12-18T14:45:50.692Z","v":0}
{"name":"renovate","hostname":"x","pid":45264,"level":20,"logContext":"KoFtXrNe9sgQEdLQ7pvGW","repository":"tmatilai/renovate-repro-38104","branch":"renovate/node-24.x","msg":"Branch is not pending, removing pending upgrades","time":"2025-12-18T14:45:50.692Z","v":0}
{"name":"renovate","hostname":"x","pid":45264,"level":20,"logContext":"KoFtXrNe9sgQEdLQ7pvGW","repository":"tmatilai/renovate-repro-38104","msg":"config.repoIsOnboarded=true","time":"2025-12-18T14:45:50.696Z","v":0}
{"name":"renovate","hostname":"x","pid":45264,"level":20,"logContext":"KoFtXrNe9sgQEdLQ7pvGW","repository":"tmatilai/renovate-repro-38104","baseBranch":"main","config":{"nvm":[{"deps":[{"depName":"node","currentValue":"24.0.0","datasource":"node-version","updates":[{"bucket":"non-major","newVersion":"v24.12.0","newValue":"24.12.0","releaseTimestamp":"2025-12-10T00:00:00.000Z","newVersionAgeInDays":8,"newMajor":24,"newMinor":12,"newPatch":0,"updateType":"minor","isBreaking":false,"libYears":0.5972602739726027,"branchName":"renovate/node-24.x"}],"packageName":"node","versioning":"node","warnings":[],"sourceUrl":"https://github.com/nodejs/node","registryUrl":"https://nodejs.org/dist","homepage":"https://nodejs.org","currentVersion":"v24.0.0","currentVersionTimestamp":"2025-05-06T00:00:00.000Z","currentVersionAgeInDays":226,"isSingleVersion":true,"fixedVersion":"24.0.0"}],"packageFile":"foo/.nvmrc"}]},"msg":"packageFiles with updates","time":"2025-12-18T14:45:50.696Z","v":0}
{"name":"renovate","hostname":"x","pid":45264,"level":20,"logContext":"KoFtXrNe9sgQEdLQ7pvGW","repository":"tmatilai/renovate-repro-38104","msg":"detectSemanticCommits()","time":"2025-12-18T14:45:50.697Z","v":0}
{"name":"renovate","hostname":"x","pid":45264,"level":20,"logContext":"KoFtXrNe9sgQEdLQ7pvGW","repository":"tmatilai/renovate-repro-38104","msg":"semanticCommits: returning \"disabled\" from cache","time":"2025-12-18T14:45:50.697Z","v":0}
{"name":"renovate","hostname":"x","pid":45264,"level":20,"logContext":"KoFtXrNe9sgQEdLQ7pvGW","repository":"tmatilai/renovate-repro-38104","msg":"processRepo()","time":"2025-12-18T14:45:50.697Z","v":0}
{"name":"renovate","hostname":"x","pid":45264,"level":20,"logContext":"KoFtXrNe9sgQEdLQ7pvGW","repository":"tmatilai/renovate-repro-38104","msg":"Processing 1 branch: renovate/node-24.x","time":"2025-12-18T14:45:50.697Z","v":0}
{"name":"renovate","hostname":"x","pid":45264,"level":20,"logContext":"KoFtXrNe9sgQEdLQ7pvGW","repository":"tmatilai/renovate-repro-38104","msg":"getBranchPr(renovate/node-24.x)","time":"2025-12-18T14:45:50.697Z","v":0}
{"name":"renovate","hostname":"x","pid":45264,"level":20,"logContext":"KoFtXrNe9sgQEdLQ7pvGW","repository":"tmatilai/renovate-repro-38104","msg":"findPr(renovate/node-24.x, undefined, open)","time":"2025-12-18T14:45:50.697Z","v":0}
{"name":"renovate","hostname":"x","pid":45264,"level":20,"logContext":"KoFtXrNe9sgQEdLQ7pvGW","repository":"tmatilai/renovate-repro-38104","msg":"0 PRs are currently open","time":"2025-12-18T14:45:50.697Z","v":0}
{"name":"renovate","hostname":"x","pid":45264,"level":20,"logContext":"KoFtXrNe9sgQEdLQ7pvGW","repository":"tmatilai/renovate-repro-38104","msg":"ConcurrentPRs count = 0","time":"2025-12-18T14:45:50.697Z","v":0}
{"name":"renovate","hostname":"x","pid":45264,"level":20,"logContext":"KoFtXrNe9sgQEdLQ7pvGW","repository":"tmatilai/renovate-repro-38104","msg":"0 already existing branches found.","time":"2025-12-18T14:45:50.697Z","v":0}
{"name":"renovate","hostname":"x","pid":45264,"level":20,"logContext":"KoFtXrNe9sgQEdLQ7pvGW","repository":"tmatilai/renovate-repro-38104","msg":"Branches count = 0","time":"2025-12-18T14:45:50.697Z","v":0}
{"name":"renovate","hostname":"x","pid":45264,"level":20,"logContext":"KoFtXrNe9sgQEdLQ7pvGW","repository":"tmatilai/renovate-repro-38104","msg":"Calculating PRs created so far in this hour currentHourStart=2025-12-18T14:00:00.000Z","time":"2025-12-18T14:45:50.697Z","v":0}
{"name":"renovate","hostname":"x","pid":45264,"level":20,"logContext":"KoFtXrNe9sgQEdLQ7pvGW","repository":"tmatilai/renovate-repro-38104","msg":"0 PRs have been created so far in this hour.","time":"2025-12-18T14:45:50.698Z","v":0}
{"name":"renovate","hostname":"x","pid":45264,"level":20,"logContext":"KoFtXrNe9sgQEdLQ7pvGW","repository":"tmatilai/renovate-repro-38104","msg":"HourlyPRs count = 0","time":"2025-12-18T14:45:50.698Z","v":0}
{"name":"renovate","hostname":"x","pid":45264,"level":20,"logContext":"KoFtXrNe9sgQEdLQ7pvGW","repository":"tmatilai/renovate-repro-38104","branch":"renovate/node-24.x","msg":"syncBranchState()","time":"2025-12-18T14:45:50.698Z","v":0}
{"name":"renovate","hostname":"x","pid":45264,"level":20,"logContext":"KoFtXrNe9sgQEdLQ7pvGW","repository":"tmatilai/renovate-repro-38104","branch":"renovate/node-24.x","msg":"syncBranchState(): Branch cache not found, creating minimal branchState","time":"2025-12-18T14:45:50.698Z","v":0}
{"name":"renovate","hostname":"x","pid":45264,"level":20,"logContext":"KoFtXrNe9sgQEdLQ7pvGW","repository":"tmatilai/renovate-repro-38104","branch":"renovate/node-24.x","msg":"getBranchPr(renovate/node-24.x)","time":"2025-12-18T14:45:50.698Z","v":0}
{"name":"renovate","hostname":"x","pid":45264,"level":20,"logContext":"KoFtXrNe9sgQEdLQ7pvGW","repository":"tmatilai/renovate-repro-38104","branch":"renovate/node-24.x","msg":"findPr(renovate/node-24.x, undefined, open)","time":"2025-12-18T14:45:50.698Z","v":0}
{"name":"renovate","hostname":"x","pid":45264,"level":20,"logContext":"KoFtXrNe9sgQEdLQ7pvGW","repository":"tmatilai/renovate-repro-38104","branch":"renovate/node-24.x","msg":"branchExists=false","time":"2025-12-18T14:45:50.698Z","v":0}
{"name":"renovate","hostname":"x","pid":45264,"level":20,"logContext":"KoFtXrNe9sgQEdLQ7pvGW","repository":"tmatilai/renovate-repro-38104","branch":"renovate/node-24.x","msg":"dependencyDashboardCheck=undefined","time":"2025-12-18T14:45:50.698Z","v":0}
{"name":"renovate","hostname":"x","pid":45264,"level":20,"logContext":"KoFtXrNe9sgQEdLQ7pvGW","repository":"tmatilai/renovate-repro-38104","branch":"renovate/node-24.x","msg":"Check for closed PR because recreating closed PRs is disabled.","time":"2025-12-18T14:45:50.703Z","v":0}
{"name":"renovate","hostname":"x","pid":45264,"level":20,"logContext":"KoFtXrNe9sgQEdLQ7pvGW","repository":"tmatilai/renovate-repro-38104","branch":"renovate/node-24.x","msg":"findPr(renovate/node-24.x, Update dependency node to v24.12.0, !open)","time":"2025-12-18T14:45:50.703Z","v":0}
{"name":"renovate","hostname":"x","pid":45264,"level":20,"logContext":"KoFtXrNe9sgQEdLQ7pvGW","repository":"tmatilai/renovate-repro-38104","branch":"renovate/node-24.x","msg":"prAlreadyExisted=false","time":"2025-12-18T14:45:50.703Z","v":0}
{"name":"renovate","hostname":"x","pid":45264,"level":20,"logContext":"KoFtXrNe9sgQEdLQ7pvGW","repository":"tmatilai/renovate-repro-38104","branch":"renovate/node-24.x","msg":"Open PR Count: 0, Existing Branch Count: 0, Hourly PR Count: 0","time":"2025-12-18T14:45:50.703Z","v":0}
{"name":"renovate","hostname":"x","pid":45264,"level":20,"logContext":"KoFtXrNe9sgQEdLQ7pvGW","repository":"tmatilai/renovate-repro-38104","branch":"renovate/node-24.x","limits":[{"depName":"node","prHourlyLimit":2}],"msg":"prHourlyLimit of the upgrades present in this branch","time":"2025-12-18T14:45:50.703Z","v":0}
{"name":"renovate","hostname":"x","pid":45264,"level":20,"logContext":"KoFtXrNe9sgQEdLQ7pvGW","repository":"tmatilai/renovate-repro-38104","branch":"renovate/node-24.x","msg":"Calculated lowest prHourlyLimit among the upgrades present in this branch is 2.","time":"2025-12-18T14:45:50.703Z","v":0}
{"name":"renovate","hostname":"x","pid":45264,"level":20,"logContext":"KoFtXrNe9sgQEdLQ7pvGW","repository":"tmatilai/renovate-repro-38104","branch":"renovate/node-24.x","limits":[{"depName":"node","branchConcurrentLimit":null}],"msg":"branchConcurrentLimit of the upgrades present in this branch","time":"2025-12-18T14:45:50.703Z","v":0}
{"name":"renovate","hostname":"x","pid":45264,"level":20,"logContext":"KoFtXrNe9sgQEdLQ7pvGW","repository":"tmatilai/renovate-repro-38104","branch":"renovate/node-24.x","msg":"Calculated lowest branchConcurrentLimit among the upgrades present in this branch is 10.","time":"2025-12-18T14:45:50.703Z","v":0}
{"name":"renovate","hostname":"x","pid":45264,"level":20,"logContext":"KoFtXrNe9sgQEdLQ7pvGW","repository":"tmatilai/renovate-repro-38104","branch":"renovate/node-24.x","msg":"Checking schedule(schedule=at any time, tz=null, now=2025-12-18T14:45:50.703Z)","time":"2025-12-18T14:45:50.703Z","v":0}
{"name":"renovate","hostname":"x","pid":45264,"level":20,"logContext":"KoFtXrNe9sgQEdLQ7pvGW","repository":"tmatilai/renovate-repro-38104","branch":"renovate/node-24.x","msg":"No schedule defined","time":"2025-12-18T14:45:50.703Z","v":0}
{"name":"renovate","hostname":"x","pid":45264,"level":20,"logContext":"KoFtXrNe9sgQEdLQ7pvGW","repository":"tmatilai/renovate-repro-38104","branch":"renovate/node-24.x","msg":"http cache: saving https://api.github.com/repos/tmatilai/renovate-repro-38104/rules/branches/main (etag=\"8bcdc773510ff62da49d41b4335074910b4c8a6bc43c9eef1e273eae559ead06\", lastModified=undefined)","time":"2025-12-18T14:45:50.967Z","v":0}
{"name":"renovate","hostname":"x","pid":45264,"level":20,"logContext":"KoFtXrNe9sgQEdLQ7pvGW","repository":"tmatilai/renovate-repro-38104","branch":"renovate/node-24.x","msg":"GET https://api.github.com/repos/tmatilai/renovate-repro-38104/branches/main/protection = (code=ERR_NON_2XX_3XX_RESPONSE, statusCode=403 retryCount=0, duration=217)","time":"2025-12-18T14:45:51.190Z","v":0}
{"name":"renovate","hostname":"x","pid":45264,"level":20,"logContext":"KoFtXrNe9sgQEdLQ7pvGW","repository":"tmatilai/renovate-repro-38104","branch":"renovate/node-24.x","msg":"Branch protection: Do not have permissions to detect branch-protection for main","time":"2025-12-18T14:45:51.192Z","v":0}
{"name":"renovate","hostname":"x","pid":45264,"level":20,"logContext":"KoFtXrNe9sgQEdLQ7pvGW","repository":"tmatilai/renovate-repro-38104","branch":"renovate/node-24.x","msg":"Converting rebaseWhen=auto to rebaseWhen=conflicted because no rule for behind-base-branch applies","time":"2025-12-18T14:45:51.192Z","v":0}
{"name":"renovate","hostname":"x","pid":45264,"level":20,"logContext":"KoFtXrNe9sgQEdLQ7pvGW","repository":"tmatilai/renovate-repro-38104","branch":"renovate/node-24.x","msg":"Branch needs creating","time":"2025-12-18T14:45:51.193Z","v":0}
{"name":"renovate","hostname":"x","pid":45264,"level":20,"logContext":"KoFtXrNe9sgQEdLQ7pvGW","repository":"tmatilai/renovate-repro-38104","branch":"renovate/node-24.x","msg":"Using reuseExistingBranch: false","time":"2025-12-18T14:45:51.193Z","v":0}
{"name":"renovate","hostname":"x","pid":45264,"level":20,"logContext":"KoFtXrNe9sgQEdLQ7pvGW","repository":"tmatilai/renovate-repro-38104","branch":"renovate/node-24.x","msg":"Setting current branch to main","time":"2025-12-18T14:45:51.193Z","v":0}
{"name":"renovate","hostname":"x","pid":45264,"level":20,"logContext":"KoFtXrNe9sgQEdLQ7pvGW","repository":"tmatilai/renovate-repro-38104","branch":"renovate/node-24.x","branchName":"main","latestCommitDate":"2025-12-18T16:40:28+02:00","sha":"38a6ae5d86c633540bb68b3e86d134ac9851e43f","msg":"latest commit","time":"2025-12-18T14:45:51.234Z","v":0}
{"name":"renovate","hostname":"x","pid":45264,"level":20,"logContext":"KoFtXrNe9sgQEdLQ7pvGW","repository":"tmatilai/renovate-repro-38104","branch":"renovate/node-24.x","msg":"manager.getUpdatedPackageFiles() reuseExistingBranch=false","time":"2025-12-18T14:45:51.243Z","v":0}
{"name":"renovate","hostname":"x","pid":45264,"level":20,"logContext":"KoFtXrNe9sgQEdLQ7pvGW","repository":"tmatilai/renovate-repro-38104","branch":"renovate/node-24.x","packageFile":"foo/.nvmrc","depName":"node","msg":"Starting search at index 0","time":"2025-12-18T14:45:51.251Z","v":0}
{"name":"renovate","hostname":"x","pid":45264,"level":20,"logContext":"KoFtXrNe9sgQEdLQ7pvGW","repository":"tmatilai/renovate-repro-38104","branch":"renovate/node-24.x","packageFile":"foo/.nvmrc","depName":"node","msg":"Found match at index 0","time":"2025-12-18T14:45:51.251Z","v":0}
{"name":"renovate","hostname":"x","pid":45264,"level":20,"logContext":"KoFtXrNe9sgQEdLQ7pvGW","repository":"tmatilai/renovate-repro-38104","branch":"renovate/node-24.x","packageFile":"foo/.nvmrc","depName":"node","msg":"Contents updated","time":"2025-12-18T14:45:51.251Z","v":0}
{"name":"renovate","hostname":"x","pid":45264,"level":20,"logContext":"KoFtXrNe9sgQEdLQ7pvGW","repository":"tmatilai/renovate-repro-38104","branch":"renovate/node-24.x","msg":"updateArtifacts for updatedPackageFiles","time":"2025-12-18T14:45:51.251Z","v":0}
{"name":"renovate","hostname":"x","pid":45264,"level":20,"logContext":"KoFtXrNe9sgQEdLQ7pvGW","repository":"tmatilai/renovate-repro-38104","branch":"renovate/node-24.x","msg":"Updated 1 package files","time":"2025-12-18T14:45:51.252Z","v":0}
{"name":"renovate","hostname":"x","pid":45264,"level":20,"logContext":"KoFtXrNe9sgQEdLQ7pvGW","repository":"tmatilai/renovate-repro-38104","branch":"renovate/node-24.x","msg":"No updated lock files in branch","time":"2025-12-18T14:45:51.252Z","v":0}
{"name":"renovate","hostname":"x","pid":45264,"level":20,"logContext":"KoFtXrNe9sgQEdLQ7pvGW","repository":"tmatilai/renovate-repro-38104","branch":"renovate/node-24.x","dep":"node","msg":"Setting CONTAINERBASE_CACHE_DIR to /var/folders/sk/dvh25nx14730sl1__56z5fy80000gn/T/renovate/cache/containerbase","time":"2025-12-18T14:45:51.256Z","v":0}
{"name":"renovate","hostname":"x","pid":45264,"level":20,"logContext":"KoFtXrNe9sgQEdLQ7pvGW","repository":"tmatilai/renovate-repro-38104","branch":"renovate/node-24.x","dep":"node","msg":"Falling back to binarySource=global","time":"2025-12-18T14:45:51.257Z","v":0}
{"name":"renovate","hostname":"x","pid":45264,"level":20,"logContext":"KoFtXrNe9sgQEdLQ7pvGW","repository":"tmatilai/renovate-repro-38104","branch":"renovate/node-24.x","dep":"node","command":"touch dummy.txt","msg":"Executing command","time":"2025-12-18T14:45:51.257Z","v":0}
{"name":"renovate","hostname":"x","pid":45264,"level":20,"logContext":"KoFtXrNe9sgQEdLQ7pvGW","repository":"tmatilai/renovate-repro-38104","branch":"renovate/node-24.x","dep":"node","err":{"cmd":"/bin/sh -c touch dummy.txt","stderr":"","stdout":"","options":{"cwd":"foo","encoding":"utf-8","env":["GIT_CONFIG_KEY_0","GIT_CONFIG_VALUE_0","GIT_CONFIG_KEY_1","GIT_CONFIG_VALUE_1","GIT_CONFIG_KEY_2","GIT_CONFIG_VALUE_2","GIT_CONFIG_COUNT","HOME","PATH","LANG","CONTAINERBASE_CACHE_DIR"],"maxBuffer":10485760,"timeout":900000},"err":{"errno":-2,"code":"ENOENT","syscall":"spawn /bin/sh","path":"/bin/sh","spawnargs":["-c","touch dummy.txt"],"message":"spawn /bin/sh ENOENT","stack":"Error: spawn /bin/sh ENOENT\n    at Process.ChildProcess._handle.onexit (node:internal/child_process:286:19)\n    at onErrorNT (node:internal/child_process:484:16)\n    at processTicksAndRejections (node:internal/process/task_queues:89:21)"},"name":"ExecError","message":"spawn /bin/sh ENOENT","stack":"ExecError: spawn /bin/sh ENOENT\n    at ChildProcess.<anonymous> (/Users/tmatilai/src/renovate/renovate/lib/util/exec/common.ts:2:2634)\n    at ChildProcess.emit (node:events:508:28)\n    at ChildProcess.emit (node:domain:489:12)\n    at Process.ChildProcess._handle.onexit (node:internal/child_process:292:12)\n    at onErrorNT (node:internal/child_process:484:16)\n    at processTicksAndRejections (node:internal/process/task_queues:89:21)"},"durationMs":1,"msg":"rawExec err","time":"2025-12-18T14:45:51.258Z","v":0}
{"name":"renovate","hostname":"x","pid":45264,"level":20,"logContext":"KoFtXrNe9sgQEdLQ7pvGW","repository":"tmatilai/renovate-repro-38104","branch":"renovate/node-24.x","dep":"node","addedCount":0,"modifiedCount":1,"deletedCount":0,"renamedCount":0,"msg":"git status counts after post-upgrade tasks","time":"2025-12-18T14:45:51.266Z","v":0}
{"name":"renovate","hostname":"x","pid":45264,"level":20,"logContext":"KoFtXrNe9sgQEdLQ7pvGW","repository":"tmatilai/renovate-repro-38104","branch":"renovate/node-24.x","dep":"node","msg":"Checking 1 added or modified files for post-upgrade changes","time":"2025-12-18T14:45:51.266Z","v":0}
{"name":"renovate","hostname":"x","pid":45264,"level":20,"logContext":"KoFtXrNe9sgQEdLQ7pvGW","repository":"tmatilai/renovate-repro-38104","branch":"renovate/node-24.x","dep":"node","file":"foo/.nvmrc","pattern":"**/*","msg":"Post-upgrade file saved","time":"2025-12-18T14:45:51.266Z","v":0}
{"name":"renovate","hostname":"x","pid":45264,"level":20,"logContext":"KoFtXrNe9sgQEdLQ7pvGW","repository":"tmatilai/renovate-repro-38104","branch":"renovate/node-24.x","msg":"Branch timestamp: 2025-12-10T00:00:00.000Z","time":"2025-12-18T14:45:51.266Z","v":0}
{"name":"renovate","hostname":"x","pid":45264,"level":20,"logContext":"KoFtXrNe9sgQEdLQ7pvGW","repository":"tmatilai/renovate-repro-38104","branch":"renovate/node-24.x","msg":"PR is older than 2 hours, raise PR with lock file errors","time":"2025-12-18T14:45:51.266Z","v":0}
{"name":"renovate","hostname":"x","pid":45264,"level":20,"logContext":"KoFtXrNe9sgQEdLQ7pvGW","repository":"tmatilai/renovate-repro-38104","branch":"renovate/node-24.x","msg":"1 file(s) to commit","time":"2025-12-18T14:45:51.267Z","v":0}
{"name":"renovate","hostname":"x","pid":45264,"level":20,"logContext":"KoFtXrNe9sgQEdLQ7pvGW","repository":"tmatilai/renovate-repro-38104","branch":"renovate/node-24.x","msg":"Preparing files for committing to branch renovate/node-24.x","time":"2025-12-18T14:45:51.267Z","v":0}
{"name":"renovate","hostname":"x","pid":45264,"level":20,"logContext":"KoFtXrNe9sgQEdLQ7pvGW","repository":"tmatilai/renovate-repro-38104","branch":"renovate/node-24.x","msg":"Setting git author name: Renovate Bot","time":"2025-12-18T14:45:51.267Z","v":0}
{"name":"renovate","hostname":"x","pid":45264,"level":20,"logContext":"KoFtXrNe9sgQEdLQ7pvGW","repository":"tmatilai/renovate-repro-38104","branch":"renovate/node-24.x","msg":"Setting git author email: renovate@whitesourcesoftware.com","time":"2025-12-18T14:45:51.324Z","v":0}
{"name":"renovate","hostname":"x","pid":45264,"level":20,"logContext":"KoFtXrNe9sgQEdLQ7pvGW","repository":"tmatilai/renovate-repro-38104","branch":"renovate/node-24.x","deletedFiles":[],"ignoredFiles":[],"result":{"author":null,"branch":"renovate/node-24.x","commit":"194a4a9f18aca3b1edca8316b8acb87fb7005a66","root":false,"summary":{"changes":1,"insertions":1,"deletions":1}},"msg":"git commit","time":"2025-12-18T14:45:51.841Z","v":0}
{"name":"renovate","hostname":"x","pid":45264,"level":20,"logContext":"KoFtXrNe9sgQEdLQ7pvGW","repository":"tmatilai/renovate-repro-38104","branch":"renovate/node-24.x","msg":"Pushing refSpec renovate/node-24.x:renovate/node-24.x","time":"2025-12-18T14:45:51.856Z","v":0}
{"name":"renovate","hostname":"x","pid":45264,"level":20,"logContext":"KoFtXrNe9sgQEdLQ7pvGW","repository":"tmatilai/renovate-repro-38104","branch":"renovate/node-24.x","result":{"pushed":[{"deleted":false,"tag":false,"branch":true,"new":true,"alreadyUpdated":false,"local":"refs/heads/renovate/node-24.x","remote":"refs/heads/renovate/node-24.x"}],"ref":{"local":"refs/remotes/origin/renovate/node-24.x"},"remoteMessages":{"all":["Create a pull request for 'renovate/node-24.x' on GitHub by visiting:","https://github.com/tmatilai/renovate-repro-38104/pull/new/renovate/node-24.x"],"pullRequestUrl":"https://github.com/tmatilai/renovate-repro-38104/pull/new/renovate/node-24.x"}},"msg":"git push","time":"2025-12-18T14:45:52.765Z","v":0}
{"name":"renovate","hostname":"x","pid":45264,"level":20,"logContext":"KoFtXrNe9sgQEdLQ7pvGW","repository":"tmatilai/renovate-repro-38104","branch":"renovate/node-24.x","msg":"Setting current branch to main","time":"2025-12-18T14:45:52.766Z","v":0}
{"name":"renovate","hostname":"x","pid":45264,"level":20,"logContext":"KoFtXrNe9sgQEdLQ7pvGW","repository":"tmatilai/renovate-repro-38104","branch":"renovate/node-24.x","branchName":"main","latestCommitDate":"2025-12-18T16:40:28+02:00","sha":"38a6ae5d86c633540bb68b3e86d134ac9851e43f","msg":"latest commit","time":"2025-12-18T14:45:52.801Z","v":0}
{"name":"renovate","hostname":"x","pid":45264,"level":30,"logContext":"KoFtXrNe9sgQEdLQ7pvGW","repository":"tmatilai/renovate-repro-38104","branch":"renovate/node-24.x","commitSha":"194a4a9f18aca3b1edca8316b8acb87fb7005a66","msg":"Branch created","time":"2025-12-18T14:45:52.809Z","v":0}
{"name":"renovate","hostname":"x","pid":45264,"level":20,"logContext":"KoFtXrNe9sgQEdLQ7pvGW","repository":"tmatilai/renovate-repro-38104","branch":"renovate/node-24.x","msg":"http cache: saving https://api.github.com/repos/tmatilai/renovate-repro-38104/commits/194a4a9f18aca3b1edca8316b8acb87fb7005a66/statuses (etag=\"8bcdc773510ff62da49d41b4335074910b4c8a6bc43c9eef1e273eae559ead06\", lastModified=undefined)","time":"2025-12-18T14:45:53.058Z","v":0}
{"name":"renovate","hostname":"x","pid":45264,"level":20,"logContext":"KoFtXrNe9sgQEdLQ7pvGW","repository":"tmatilai/renovate-repro-38104","branch":"renovate/node-24.x","msg":"Updating status check state to failed","time":"2025-12-18T14:45:53.060Z","v":0}
{"name":"renovate","hostname":"x","pid":45264,"level":20,"logContext":"KoFtXrNe9sgQEdLQ7pvGW","repository":"tmatilai/renovate-repro-38104","branch":"renovate/node-24.x","context":"renovate/artifacts","state":"red","msg":"Setting branch status","time":"2025-12-18T14:45:53.062Z","v":0}
{"name":"renovate","hostname":"x","pid":45264,"level":20,"logContext":"KoFtXrNe9sgQEdLQ7pvGW","repository":"tmatilai/renovate-repro-38104","branch":"renovate/node-24.x","msg":"http cache: saving https://api.github.com/repos/tmatilai/renovate-repro-38104/commits/renovate/node-24.x/status (etag=W/\"4c2f0b0e5ee3ea416ea2ec65f5b12470a6cbafef4ddec23405210db344690f42\", lastModified=undefined)","time":"2025-12-18T14:45:53.642Z","v":0}
{"name":"renovate","hostname":"x","pid":45264,"level":20,"logContext":"KoFtXrNe9sgQEdLQ7pvGW","repository":"tmatilai/renovate-repro-38104","branch":"renovate/node-24.x","msg":"Ensuring PR","time":"2025-12-18T14:45:53.890Z","v":0}
{"name":"renovate","hostname":"x","pid":45264,"level":20,"logContext":"KoFtXrNe9sgQEdLQ7pvGW","repository":"tmatilai/renovate-repro-38104","branch":"renovate/node-24.x","msg":"There are 0 errors and 0 warnings","time":"2025-12-18T14:45:53.891Z","v":0}
{"name":"renovate","hostname":"x","pid":45264,"level":20,"logContext":"KoFtXrNe9sgQEdLQ7pvGW","repository":"tmatilai/renovate-repro-38104","branch":"renovate/node-24.x","msg":"getBranchPr(renovate/node-24.x)","time":"2025-12-18T14:45:53.893Z","v":0}
{"name":"renovate","hostname":"x","pid":45264,"level":20,"logContext":"KoFtXrNe9sgQEdLQ7pvGW","repository":"tmatilai/renovate-repro-38104","branch":"renovate/node-24.x","msg":"findPr(renovate/node-24.x, undefined, open)","time":"2025-12-18T14:45:53.894Z","v":0}
{"name":"renovate","hostname":"x","pid":45264,"level":20,"logContext":"KoFtXrNe9sgQEdLQ7pvGW","repository":"tmatilai/renovate-repro-38104","branch":"renovate/node-24.x","msg":"findPr(renovate/node-24.x, undefined, closed)","time":"2025-12-18T14:45:53.894Z","v":0}
{"name":"renovate","hostname":"x","pid":45264,"level":20,"logContext":"KoFtXrNe9sgQEdLQ7pvGW","repository":"tmatilai/renovate-repro-38104","branch":"renovate/node-24.x","msg":"Forcing PR because of artifact errors","time":"2025-12-18T14:45:53.894Z","v":0}
{"name":"renovate","hostname":"x","pid":45264,"level":20,"logContext":"KoFtXrNe9sgQEdLQ7pvGW","repository":"tmatilai/renovate-repro-38104","branch":"renovate/node-24.x","msg":"Fetching changelog: https://github.com/nodejs/node (v24.0.0 -> v24.12.0)","time":"2025-12-18T14:45:53.896Z","v":0}
{"name":"renovate","hostname":"x","pid":45264,"level":20,"logContext":"KoFtXrNe9sgQEdLQ7pvGW","repository":"tmatilai/renovate-repro-38104","branch":"renovate/node-24.x","msg":"Truncating PR body due to platform limitation of 58000 characters","time":"2025-12-18T14:45:54.230Z","v":0}
{"name":"renovate","hostname":"x","pid":45264,"level":20,"logContext":"KoFtXrNe9sgQEdLQ7pvGW","repository":"tmatilai/renovate-repro-38104","branch":"renovate/node-24.x","prTitle":"Update dependency node to v24.12.0","msg":"Creating PR","time":"2025-12-18T14:45:54.237Z","v":0}
{"name":"renovate","hostname":"x","pid":45264,"level":20,"logContext":"KoFtXrNe9sgQEdLQ7pvGW","repository":"tmatilai/renovate-repro-38104","branch":"renovate/node-24.x","limits":[{"depName":"node","prHourlyLimit":2}],"msg":"prHourlyLimit of the upgrades present in this branch","time":"2025-12-18T14:45:54.237Z","v":0}
{"name":"renovate","hostname":"x","pid":45264,"level":20,"logContext":"KoFtXrNe9sgQEdLQ7pvGW","repository":"tmatilai/renovate-repro-38104","branch":"renovate/node-24.x","msg":"Calculated lowest prHourlyLimit among the upgrades present in this branch is 2.","time":"2025-12-18T14:45:54.237Z","v":0}
{"name":"renovate","hostname":"x","pid":45264,"level":20,"logContext":"KoFtXrNe9sgQEdLQ7pvGW","repository":"tmatilai/renovate-repro-38104","branch":"renovate/node-24.x","limits":[{"depName":"node","prConcurrentLimit":10}],"msg":"prConcurrentLimit of the upgrades present in this branch","time":"2025-12-18T14:45:54.237Z","v":0}
{"name":"renovate","hostname":"x","pid":45264,"level":20,"logContext":"KoFtXrNe9sgQEdLQ7pvGW","repository":"tmatilai/renovate-repro-38104","branch":"renovate/node-24.x","msg":"Calculated lowest prConcurrentLimit among the upgrades present in this branch is 10.","time":"2025-12-18T14:45:54.237Z","v":0}
{"name":"renovate","hostname":"x","pid":45264,"level":20,"logContext":"KoFtXrNe9sgQEdLQ7pvGW","repository":"tmatilai/renovate-repro-38104","branch":"renovate/node-24.x","title":"Update dependency node to v24.12.0","head":"tmatilai:renovate/node-24.x","base":"main","draft":false,"msg":"Creating PR","time":"2025-12-18T14:45:54.238Z","v":0}
{"name":"renovate","hostname":"x","pid":45264,"level":20,"logContext":"KoFtXrNe9sgQEdLQ7pvGW","repository":"tmatilai/renovate-repro-38104","branch":"renovate/node-24.x","pr":1,"draft":false,"msg":"PR created","time":"2025-12-18T14:45:55.769Z","v":0}
{"name":"renovate","hostname":"x","pid":45264,"level":20,"logContext":"KoFtXrNe9sgQEdLQ7pvGW","repository":"tmatilai/renovate-repro-38104","branch":"renovate/node-24.x","msg":"Adding labels '' to #1","time":"2025-12-18T14:45:55.783Z","v":0}
{"name":"renovate","hostname":"x","pid":45264,"level":30,"logContext":"KoFtXrNe9sgQEdLQ7pvGW","repository":"tmatilai/renovate-repro-38104","branch":"renovate/node-24.x","pr":1,"prTitle":"Update dependency node to v24.12.0","msg":"PR created","time":"2025-12-18T14:45:55.783Z","v":0}
{"name":"renovate","hostname":"x","pid":45264,"level":20,"logContext":"KoFtXrNe9sgQEdLQ7pvGW","repository":"tmatilai/renovate-repro-38104","branch":"renovate/node-24.x","msg":"addParticipants(pr=1)","time":"2025-12-18T14:45:55.784Z","v":0}
{"name":"renovate","hostname":"x","pid":45264,"level":20,"logContext":"KoFtXrNe9sgQEdLQ7pvGW","repository":"tmatilai/renovate-repro-38104","branch":"renovate/node-24.x","msg":"setPrCache()","time":"2025-12-18T14:45:55.784Z","v":0}
{"name":"renovate","hostname":"x","pid":45264,"level":20,"logContext":"KoFtXrNe9sgQEdLQ7pvGW","repository":"tmatilai/renovate-repro-38104","branch":"renovate/node-24.x","msg":"Created Pull Request #1","time":"2025-12-18T14:45:55.784Z","v":0}
{"name":"renovate","hostname":"x","pid":45264,"level":40,"logContext":"KoFtXrNe9sgQEdLQ7pvGW","repository":"tmatilai/renovate-repro-38104","branch":"renovate/node-24.x","artifactErrors":[{"lockFile":"foo/.nvmrc","stderr":"spawn /bin/sh ENOENT"}],"msg":"artifactErrors","time":"2025-12-18T14:45:55.785Z","v":0}
{"name":"renovate","hostname":"x","pid":45264,"level":20,"logContext":"KoFtXrNe9sgQEdLQ7pvGW","repository":"tmatilai/renovate-repro-38104","branch":"renovate/node-24.x","msg":"Getting comments for #1","time":"2025-12-18T14:45:55.790Z","v":0}
{"name":"renovate","hostname":"x","pid":45264,"level":20,"logContext":"KoFtXrNe9sgQEdLQ7pvGW","repository":"tmatilai/renovate-repro-38104","branch":"renovate/node-24.x","msg":"http cache: saving https://api.github.com/repos/tmatilai/renovate-repro-38104/issues/1/comments?per_page=100 (etag=\"8bcdc773510ff62da49d41b4335074910b4c8a6bc43c9eef1e273eae559ead06\", lastModified=undefined)","time":"2025-12-18T14:45:56.151Z","v":0}
{"name":"renovate","hostname":"x","pid":45264,"level":20,"logContext":"KoFtXrNe9sgQEdLQ7pvGW","repository":"tmatilai/renovate-repro-38104","branch":"renovate/node-24.x","msg":"Found 0 comments","time":"2025-12-18T14:45:56.152Z","v":0}
{"name":"renovate","hostname":"x","pid":45264,"level":20,"logContext":"KoFtXrNe9sgQEdLQ7pvGW","repository":"tmatilai/renovate-repro-38104","branch":"renovate/node-24.x","msg":"Ensuring comment \" Artifact update problem\" in #1","time":"2025-12-18T14:45:56.152Z","v":0}
{"name":"renovate","hostname":"x","pid":45264,"level":30,"logContext":"KoFtXrNe9sgQEdLQ7pvGW","repository":"tmatilai/renovate-repro-38104","branch":"renovate/node-24.x","issueNo":1,"topic":" Artifact update problem","msg":"Comment added","time":"2025-12-18T14:45:56.818Z","v":0}
{"name":"renovate","hostname":"x","pid":45264,"level":20,"logContext":"KoFtXrNe9sgQEdLQ7pvGW","repository":"tmatilai/renovate-repro-38104","branch":"renovate/node-24.x","msg":"setBranchCommit()","time":"2025-12-18T14:45:56.820Z","v":0}
{"name":"renovate","hostname":"x","pid":45264,"level":20,"logContext":"KoFtXrNe9sgQEdLQ7pvGW","repository":"tmatilai/renovate-repro-38104","msg":"getBranchPr(renovate/node-24.x)","time":"2025-12-18T14:45:56.821Z","v":0}
{"name":"renovate","hostname":"x","pid":45264,"level":20,"logContext":"KoFtXrNe9sgQEdLQ7pvGW","repository":"tmatilai/renovate-repro-38104","msg":"findPr(renovate/node-24.x, undefined, open)","time":"2025-12-18T14:45:56.821Z","v":0}
{"name":"renovate","hostname":"x","pid":45264,"level":20,"logContext":"KoFtXrNe9sgQEdLQ7pvGW","repository":"tmatilai/renovate-repro-38104","msg":"Found PR #1","time":"2025-12-18T14:45:56.823Z","v":0}
{"name":"renovate","hostname":"x","pid":45264,"level":20,"logContext":"KoFtXrNe9sgQEdLQ7pvGW","repository":"tmatilai/renovate-repro-38104","msg":"http cache: saving https://api.github.com/repos/tmatilai/renovate-repro-38104/contents/renovate.json (etag=\"7c9b3921a39a0f932e33d0b8af158055d08f8984\", lastModified=Thu, 18 Dec 2025 14:40:28 GMT)","time":"2025-12-18T14:45:57.044Z","v":0}
{"name":"renovate","hostname":"x","pid":45264,"level":20,"logContext":"KoFtXrNe9sgQEdLQ7pvGW","repository":"tmatilai/renovate-repro-38104","msg":"Config does not need migration","time":"2025-12-18T14:45:57.048Z","v":0}
{"name":"renovate","hostname":"x","pid":45264,"level":20,"logContext":"KoFtXrNe9sgQEdLQ7pvGW","repository":"tmatilai/renovate-repro-38104","msg":"ensureDependencyDashboard()","time":"2025-12-18T14:45:57.049Z","v":0}
{"name":"renovate","hostname":"x","pid":45264,"level":20,"logContext":"KoFtXrNe9sgQEdLQ7pvGW","repository":"tmatilai/renovate-repro-38104","msg":"Closing Dependency Dashboard","time":"2025-12-18T14:45:57.050Z","v":0}
{"name":"renovate","hostname":"x","pid":45264,"level":20,"logContext":"KoFtXrNe9sgQEdLQ7pvGW","repository":"tmatilai/renovate-repro-38104","msg":"checkReconfigureBranch()","time":"2025-12-18T14:45:57.050Z","v":0}
{"name":"renovate","hostname":"x","pid":45264,"level":20,"logContext":"KoFtXrNe9sgQEdLQ7pvGW","repository":"tmatilai/renovate-repro-38104","reconfigureBranch":"renovate/reconfigure","msg":"No reconfigure branch found","time":"2025-12-18T14:45:57.051Z","v":0}
{"name":"renovate","hostname":"x","pid":45264,"level":20,"logContext":"KoFtXrNe9sgQEdLQ7pvGW","repository":"tmatilai/renovate-repro-38104","msg":"Removing any stale branches","time":"2025-12-18T14:45:57.051Z","v":0}
{"name":"renovate","hostname":"x","pid":45264,"level":20,"logContext":"KoFtXrNe9sgQEdLQ7pvGW","repository":"tmatilai/renovate-repro-38104","msg":"config.repoIsOnboarded=true","time":"2025-12-18T14:45:57.051Z","v":0}
{"name":"renovate","hostname":"x","pid":45264,"level":20,"logContext":"KoFtXrNe9sgQEdLQ7pvGW","repository":"tmatilai/renovate-repro-38104","branchList":["renovate/node-24.x"],"renovateBranches":["renovate/node-24.x"],"msg":"Branch lists","time":"2025-12-18T14:45:57.052Z","v":0}
{"name":"renovate","hostname":"x","pid":45264,"level":20,"logContext":"KoFtXrNe9sgQEdLQ7pvGW","repository":"tmatilai/renovate-repro-38104","msg":"remainingBranches=","time":"2025-12-18T14:45:57.052Z","v":0}
{"name":"renovate","hostname":"x","pid":45264,"level":20,"logContext":"KoFtXrNe9sgQEdLQ7pvGW","repository":"tmatilai/renovate-repro-38104","msg":"No branches to clean up","time":"2025-12-18T14:45:57.053Z","v":0}
{"name":"renovate","hostname":"x","pid":45264,"level":20,"logContext":"KoFtXrNe9sgQEdLQ7pvGW","repository":"tmatilai/renovate-repro-38104","msg":"PackageFiles.clear() - Package files deleted","time":"2025-12-18T14:45:57.053Z","v":0}
{"name":"renovate","hostname":"x","pid":45264,"level":20,"logContext":"KoFtXrNe9sgQEdLQ7pvGW","repository":"tmatilai/renovate-repro-38104","baseBranches":[{"branchName":"main","sha":"38a6ae5d86c633540bb68b3e86d134ac9851e43f"}],"branches":[{"automerge":false,"baseBranch":"main","baseBranchSha":"38a6ae5d86c633540bb68b3e86d134ac9851e43f","branchName":"renovate/node-24.x","branchSha":"194a4a9f18aca3b1edca8316b8acb87fb7005a66","isModified":false,"isPristine":true}],"defaultBranch":"main","inactiveBranches":[],"msg":"Branch summary","time":"2025-12-18T14:45:57.054Z","v":0}
{"name":"renovate","hostname":"x","pid":45264,"level":20,"logContext":"KoFtXrNe9sgQEdLQ7pvGW","repository":"tmatilai/renovate-repro-38104","branchesInformation":[{"branchName":"renovate/node-24.x","prNo":1,"prTitle":"Update dependency node to v24.12.0","result":"pr-created","upgrades":[{"datasource":"node-version","depName":"node","displayPending":"","fixedVersion":"24.0.0","currentVersion":"v24.0.0","currentValue":"24.0.0","newValue":"24.12.0","newVersion":"v24.12.0","packageFile":"foo/.nvmrc","updateType":"minor","packageName":"node"}]}],"msg":"branches info extended","time":"2025-12-18T14:45:57.054Z","v":0}
{"name":"renovate","hostname":"x","pid":45264,"level":20,"logContext":"KoFtXrNe9sgQEdLQ7pvGW","repository":"tmatilai/renovate-repro-38104","stats":{"total":1,"open":1,"closed":0,"merged":0},"msg":"Renovate repository PR statistics","time":"2025-12-18T14:45:57.055Z","v":0}
{"name":"renovate","hostname":"x","pid":45264,"level":20,"logContext":"KoFtXrNe9sgQEdLQ7pvGW","repository":"tmatilai/renovate-repro-38104","msg":"Repository result: done, status: onboarded, enabled: true, onboarded: true","time":"2025-12-18T14:45:57.056Z","v":0}
{"name":"renovate","hostname":"x","pid":45264,"level":20,"logContext":"KoFtXrNe9sgQEdLQ7pvGW","repository":"tmatilai/renovate-repro-38104","splits":{"init":3069,"onboarding":0,"extract":173,"lookup":259,"update":6124},"total":9870,"msg":"Repository timing splits (milliseconds)","time":"2025-12-18T14:45:57.067Z","v":0}
{"name":"renovate","hostname":"x","pid":45264,"level":20,"logContext":"KoFtXrNe9sgQEdLQ7pvGW","repository":"tmatilai/renovate-repro-38104","get":{"count":35,"avgMs":1,"medianMs":1,"maxMs":3,"totalMs":21},"set":{"count":18,"avgMs":2,"medianMs":1,"maxMs":7,"totalMs":29},"msg":"Package cache statistics","time":"2025-12-18T14:45:57.067Z","v":0}
{"name":"renovate","hostname":"x","pid":45264,"level":20,"logContext":"KoFtXrNe9sgQEdLQ7pvGW","repository":"tmatilai/renovate-repro-38104","node-version":{"https://nodejs.org/dist":{"hit":1,"miss":1,"set":1,"skip":0}},"msg":"Datasource cache statistics","time":"2025-12-18T14:45:57.068Z","v":0}
{"name":"renovate","hostname":"x","pid":45264,"level":20,"logContext":"KoFtXrNe9sgQEdLQ7pvGW","repository":"tmatilai/renovate-repro-38104","hosts":{"api.github.com":{"count":14,"reqAvgMs":419,"reqMedianMs":323,"reqMaxMs":1529,"queueAvgMs":0,"queueMedianMs":0,"queueMaxMs":0},"nodejs.org":{"count":1,"reqAvgMs":186,"reqMedianMs":186,"reqMaxMs":186,"queueAvgMs":1,"queueMedianMs":1,"queueMaxMs":1}},"requests":15,"msg":"HTTP statistics","time":"2025-12-18T14:45:57.069Z","v":0}
{"name":"renovate","hostname":"x","pid":45264,"level":20,"logContext":"KoFtXrNe9sgQEdLQ7pvGW","repository":"tmatilai/renovate-repro-38104","https://api.github.com":{"/repos/tmatilai/renovate-repro-38104/commits/194a4a9f18aca3b1edca8316b8acb87fb7005a66/statuses":{"hit":0,"miss":1},"/repos/tmatilai/renovate-repro-38104/commits/renovate/node-24.x/status":{"hit":0,"miss":1},"/repos/tmatilai/renovate-repro-38104/contents/renovate.json":{"hit":0,"miss":1},"/repos/tmatilai/renovate-repro-38104/dependabot/alerts":{"hit":0,"miss":1},"/repos/tmatilai/renovate-repro-38104/issues/1/comments":{"hit":0,"miss":1},"/repos/tmatilai/renovate-repro-38104/pulls":{"hit":0,"miss":1},"/repos/tmatilai/renovate-repro-38104/rules/branches/main":{"hit":0,"miss":1}},"msg":"HTTP cache statistics","time":"2025-12-18T14:45:57.070Z","v":0}
{"name":"renovate","hostname":"x","pid":45264,"level":20,"logContext":"KoFtXrNe9sgQEdLQ7pvGW","repository":"tmatilai/renovate-repro-38104","node-version":{"count":1,"avgMs":239,"medianMs":239,"maxMs":239,"totalMs":239},"msg":"Lookup statistics","time":"2025-12-18T14:45:57.071Z","v":0}
{"name":"renovate","hostname":"x","pid":45264,"level":20,"logContext":"KoFtXrNe9sgQEdLQ7pvGW","repository":"tmatilai/renovate-repro-38104","count":0,"hits":{},"msg":"Cache fallback URLs","time":"2025-12-18T14:45:57.071Z","v":0}
{"name":"renovate","hostname":"x","pid":45264,"level":20,"logContext":"KoFtXrNe9sgQEdLQ7pvGW","repository":"tmatilai/renovate-repro-38104","msg":"Git operations statistics","time":"2025-12-18T14:45:57.071Z","v":0}
{"name":"renovate","hostname":"x","pid":45264,"level":30,"logContext":"KoFtXrNe9sgQEdLQ7pvGW","repository":"tmatilai/renovate-repro-38104","cloned":true,"durationMs":9870,"result":"done","status":"onboarded","enabled":true,"onboarded":true,"msg":"Repository finished","time":"2025-12-18T14:45:57.072Z","v":0}
{"name":"renovate","hostname":"x","pid":45264,"level":20,"logContext":"KoFtXrNe9sgQEdLQ7pvGW","msg":"Checking file package cache for expired items","time":"2025-12-18T14:45:57.072Z","v":0}
{"name":"renovate","hostname":"x","pid":45264,"level":20,"logContext":"KoFtXrNe9sgQEdLQ7pvGW","msg":"Deleted 0 of 38 file cached entries in 41ms","time":"2025-12-18T14:45:57.113Z","v":0}
